#
# There is insufficient memory for the Java Runtime Environment to continue.
# Native memory allocation (malloc) failed to allocate 2063792 bytes. Error detail: Chunk::new
# Possible reasons:
#   The system is out of physical RAM or swap space
#   This process is running with CompressedOops enabled, and the Java Heap may be blocking the growth of the native heap
# Possible solutions:
#   Reduce memory load on the system
#   Increase physical memory or swap space
#   Check if swap backing store is full
#   Decrease Java heap size (-Xmx/-Xms)
#   Decrease number of Java threads
#   Decrease Java thread stack sizes (-Xss)
#   Set larger code cache with -XX:ReservedCodeCacheSize=
#   JVM is running with Unscaled Compressed Oops mode in which the Java heap is
#     placed in the first 4GB address space. The Java Heap base address is the
#     maximum limit for the native heap growth. Please use -XX:HeapBaseMinAddress
#     to set the Java Heap base and to place the Java Heap above 4GB virtual address.
# This output file may be truncated or incomplete.
#
#  Out of Memory Error (arena.cpp:168), pid=11512, tid=15768
#
# JRE version: OpenJDK Runtime Environment Temurin-21.0.8+9 (21.0.8+9) (build 21.0.8+9-LTS)
# Java VM: OpenJDK 64-Bit Server VM Temurin-21.0.8+9 (21.0.8+9-LTS, mixed mode, sharing, tiered, compressed oops, compressed class ptrs, parallel gc, windows-amd64)
# No core dump will be written. Minidumps are not enabled by default on client versions of Windows
#

---------------  S U M M A R Y ------------

Command Line: --add-modules=ALL-SYSTEM --add-opens=java.base/java.util=ALL-UNNAMED --add-opens=java.base/java.lang=ALL-UNNAMED --add-opens=java.base/sun.nio.fs=ALL-UNNAMED -Declipse.application=org.eclipse.jdt.ls.core.id1 -Dosgi.bundles.defaultStartLevel=4 -Declipse.product=org.eclipse.jdt.ls.core.product -Djava.import.generatesMetadataFilesAtProjectRoot=false -DDetectVMInstallationsJob.disabled=true -Dfile.encoding=utf8 -XX:+UseParallelGC -XX:GCTimeRatio=4 -XX:AdaptiveSizePolicyWeight=90 -Dsun.zip.disableMemoryMapping=true -Xmx2G -Xms100m -Xlog:disable -javaagent:c:\Users\Dell\.vscode\extensions\redhat.java-1.46.0-win32-x64\lombok\lombok-1.18.39-4050.jar c:\Users\Dell\.vscode\extensions\redhat.java-1.46.0-win32-x64\server\plugins\org.eclipse.equinox.launcher_1.7.0.v20250519-0528.jar -configuration c:\Users\Dell\AppData\Roaming\Code\User\globalStorage\redhat.java\1.46.0\config_ss_win -data c:\Users\Dell\AppData\Roaming\Code\User\workspaceStorage\98e4522e8c7ece03435476b608bd186f\redhat.java\ss_ws --pipe=\\.\pipe\lsp-2020372129652b45ef5f00538164eca2-sock

Host: 12th Gen Intel(R) Core(TM) i5-12500H, 16 cores, 15G,  Windows 11 , 64 bit Build 26100 (10.0.26100.5074)
Time: Sun Nov  2 00:46:17 2025 India Standard Time elapsed time: 1.957868 seconds (0d 0h 0m 1s)

---------------  T H R E A D  ---------------

Current thread (0x0000023dc6128300):  JavaThread "C2 CompilerThread0" daemon [_thread_in_native, id=15768, stack(0x000000434fd00000,0x000000434fe00000) (1024K)]


Current CompileTask:
C2:1957 2888       4       org.lombokweb.asm.ClassReader::readMethod (1070 bytes)

Stack: [0x000000434fd00000,0x000000434fe00000]
Native frames: (J=compiled Java code, j=interpreted, Vv=VM code, C=native code)
V  [jvm.dll+0x6d2449]
V  [jvm.dll+0x8ae341]
V  [jvm.dll+0x8b08be]
V  [jvm.dll+0x8b0fa3]
V  [jvm.dll+0x280c96]
V  [jvm.dll+0xc581d]
V  [jvm.dll+0xc5d53]
V  [jvm.dll+0x3b919c]
V  [jvm.dll+0x1e1213]
V  [jvm.dll+0x249022]
V  [jvm.dll+0x2484af]
V  [jvm.dll+0x1c89ee]
V  [jvm.dll+0x257d4d]
V  [jvm.dll+0x2562ea]
V  [jvm.dll+0x3f2d16]
V  [jvm.dll+0x857e6b]
V  [jvm.dll+0x6d0b0d]
C  [ucrtbase.dll+0x37b0]
C  [KERNEL32.DLL+0x2e8d7]
C  [ntdll.dll+0x8d9c]


---------------  P R O C E S S  ---------------

Threads class SMR info:
_java_thread_list=0x0000023de4b22350, length=25, elements={
0x0000023dc606c920, 0x0000023dc6111180, 0x0000023dc6111cd0, 0x0000023dc6114ef0,
0x0000023dc6115c70, 0x0000023dc611a810, 0x0000023dc611be70, 0x0000023dc6128300,
0x0000023dc612ca70, 0x0000023ddde3dad0, 0x0000023ddde9d440, 0x0000023ddde9b230,
0x0000023dddf10470, 0x0000023ddde9e1e0, 0x0000023ddde9bfd0, 0x0000023ddf6b78b0,
0x0000023de4346140, 0x0000023ddfdec1f0, 0x0000023ddf84ee40, 0x0000023ddf791a00,
0x0000023de466d320, 0x0000023de47085d0, 0x0000023de46cc5f0, 0x0000023de46df6c0,
0x0000023ddde9db10
}

Java Threads: ( => current thread )
  0x0000023dc606c920 JavaThread "main"                              [_thread_blocked, id=32900, stack(0x000000434f300000,0x000000434f400000) (1024K)]
  0x0000023dc6111180 JavaThread "Reference Handler"          daemon [_thread_blocked, id=37128, stack(0x000000434f700000,0x000000434f800000) (1024K)]
  0x0000023dc6111cd0 JavaThread "Finalizer"                  daemon [_thread_blocked, id=40384, stack(0x000000434f800000,0x000000434f900000) (1024K)]
  0x0000023dc6114ef0 JavaThread "Signal Dispatcher"          daemon [_thread_blocked, id=18520, stack(0x000000434f900000,0x000000434fa00000) (1024K)]
  0x0000023dc6115c70 JavaThread "Attach Listener"            daemon [_thread_blocked, id=44344, stack(0x000000434fa00000,0x000000434fb00000) (1024K)]
  0x0000023dc611a810 JavaThread "Service Thread"             daemon [_thread_blocked, id=14148, stack(0x000000434fb00000,0x000000434fc00000) (1024K)]
  0x0000023dc611be70 JavaThread "Monitor Deflation Thread"   daemon [_thread_blocked, id=26360, stack(0x000000434fc00000,0x000000434fd00000) (1024K)]
=>0x0000023dc6128300 JavaThread "C2 CompilerThread0"         daemon [_thread_in_native, id=15768, stack(0x000000434fd00000,0x000000434fe00000) (1024K)]
  0x0000023dc612ca70 JavaThread "C1 CompilerThread0"         daemon [_thread_in_native, id=8996, stack(0x000000434fe00000,0x000000434ff00000) (1024K)]
  0x0000023ddde3dad0 JavaThread "C1 CompilerThread1"         daemon [_thread_in_native, id=4660, stack(0x000000434ff00000,0x0000004350000000) (1024K)]
  0x0000023ddde9d440 JavaThread "C1 CompilerThread2"         daemon [_thread_blocked, id=9968, stack(0x0000004350000000,0x0000004350100000) (1024K)]
  0x0000023ddde9b230 JavaThread "C1 CompilerThread3"         daemon [_thread_in_native, id=5252, stack(0x0000004350100000,0x0000004350200000) (1024K)]
  0x0000023dddf10470 JavaThread "Common-Cleaner"             daemon [_thread_blocked, id=12448, stack(0x0000004350200000,0x0000004350300000) (1024K)]
  0x0000023ddde9e1e0 JavaThread "C2 CompilerThread1"         daemon [_thread_in_native, id=17480, stack(0x0000004350300000,0x0000004350400000) (1024K)]
  0x0000023ddde9bfd0 JavaThread "C2 CompilerThread2"         daemon [_thread_in_native, id=9656, stack(0x0000004350400000,0x0000004350500000) (1024K)]
  0x0000023ddf6b78b0 JavaThread "Notification Thread"        daemon [_thread_blocked, id=9164, stack(0x0000004350500000,0x0000004350600000) (1024K)]
  0x0000023de4346140 JavaThread "Active Thread: Equinox Container: 42792c9d-1783-4264-ac25-23ff89c7fb87"        [_thread_blocked, id=34292, stack(0x0000004350e00000,0x0000004350f00000) (1024K)]
  0x0000023ddfdec1f0 JavaThread "Framework Event Dispatcher: Equinox Container: 42792c9d-1783-4264-ac25-23ff89c7fb87" daemon [_thread_blocked, id=32016, stack(0x0000004351000000,0x0000004351100000) (1024K)]
  0x0000023ddf84ee40 JavaThread "Start Level: Equinox Container: 42792c9d-1783-4264-ac25-23ff89c7fb87" daemon [_thread_in_vm, id=10280, stack(0x0000004351100000,0x0000004351200000) (1024K)]
  0x0000023ddf791a00 JavaThread "SCR Component Actor"        daemon [_thread_blocked, id=17812, stack(0x0000004351200000,0x0000004351300000) (1024K)]
  0x0000023de466d320 JavaThread "Worker-JM"                         [_thread_blocked, id=14856, stack(0x0000004350d00000,0x0000004350e00000) (1024K)]
  0x0000023de47085d0 JavaThread "JNA Cleaner"                daemon [_thread_blocked, id=19112, stack(0x0000004351500000,0x0000004351600000) (1024K)]
  0x0000023de46cc5f0 JavaThread "Worker-0"                          [_thread_blocked, id=12384, stack(0x0000004351600000,0x0000004351700000) (1024K)]
  0x0000023de46df6c0 JavaThread "Worker-1"                          [_thread_blocked, id=38424, stack(0x0000004350c00000,0x0000004350d00000) (1024K)]
  0x0000023ddde9db10 JavaThread "C2 CompilerThread3"         daemon [_thread_in_native, id=43168, stack(0x0000004351a00000,0x0000004351b00000) (1024K)]
Total: 25

Other Threads:
  0x0000023dc6110bd0 VMThread "VM Thread"                           [id=16592, stack(0x000000434f600000,0x000000434f700000) (1024K)]
  0x0000023dc5efca10 WatcherThread "VM Periodic Task Thread"        [id=34820, stack(0x000000434f500000,0x000000434f600000) (1024K)]
  0x0000023dc608b8a0 WorkerThread "GC Thread#0"                     [id=39240, stack(0x000000434f400000,0x000000434f500000) (1024K)]
  0x0000023ddf755730 WorkerThread "GC Thread#1"                     [id=41904, stack(0x0000004350600000,0x0000004350700000) (1024K)]
  0x0000023ddf9e4540 WorkerThread "GC Thread#2"                     [id=16760, stack(0x0000004350700000,0x0000004350800000) (1024K)]
  0x0000023ddf9e48e0 WorkerThread "GC Thread#3"                     [id=26872, stack(0x0000004350800000,0x0000004350900000) (1024K)]
  0x0000023ddf759bd0 WorkerThread "GC Thread#4"                     [id=3132, stack(0x0000004350900000,0x0000004350a00000) (1024K)]
  0x0000023ddf759f70 WorkerThread "GC Thread#5"                     [id=34648, stack(0x0000004350a00000,0x0000004350b00000) (1024K)]
  0x0000023ddf75a310 WorkerThread "GC Thread#6"                     [id=20096, stack(0x0000004350b00000,0x0000004350c00000) (1024K)]
  0x0000023de42c59e0 WorkerThread "GC Thread#7"                     [id=39416, stack(0x0000004350f00000,0x0000004351000000) (1024K)]
  0x0000023de41e3730 WorkerThread "GC Thread#8"                     [id=20336, stack(0x0000004351300000,0x0000004351400000) (1024K)]
  0x0000023de41e3e70 WorkerThread "GC Thread#9"                     [id=17676, stack(0x0000004351400000,0x0000004351500000) (1024K)]
  0x0000023de41e4950 WorkerThread "GC Thread#10"                    [id=12876, stack(0x0000004351700000,0x0000004351800000) (1024K)]
  0x0000023de41e3390 WorkerThread "GC Thread#11"                    [id=2564, stack(0x0000004351800000,0x0000004351900000) (1024K)]
  0x0000023de41e2ff0 WorkerThread "GC Thread#12"                    [id=21992, stack(0x0000004351900000,0x0000004351a00000) (1024K)]
Total: 15

Threads with active compile tasks:
C2 CompilerThread0  1969 2888       4       org.lombokweb.asm.ClassReader::readMethod (1070 bytes)
C1 CompilerThread0  1969 3215       3       java.util.TreeMap::fixAfterInsertion (267 bytes)
C1 CompilerThread1  1970 3220       2       java.lang.String$CaseInsensitiveComparator::compare (68 bytes)
C2 CompilerThread1  1970 3226       4       java.lang.CharacterDataLatin1::toUpperCase (67 bytes)
C2 CompilerThread2  1970 3225       4       java.lang.CharacterData::of (136 bytes)
C2 CompilerThread3  1970 3224       4       java.util.TreeMap::parentOf (13 bytes)
Total: 6

VM state: not at safepoint (normal execution)

VM Mutex/Monitor currently owned by a thread: None

Heap address: 0x0000000080000000, size: 2048 MB, Compressed Oops mode: 32-bit

CDS archive(s) mapped at: [0x0000023d80000000-0x0000023d80ba0000-0x0000023d80ba0000), size 12189696, SharedBaseAddress: 0x0000023d80000000, ArchiveRelocationMode: 1.
Compressed class space mapped at: 0x0000023d81000000-0x0000023dc1000000, reserved size: 1073741824
Narrow klass base: 0x0000023d80000000, Narrow klass shift: 0, Narrow klass range: 0x100000000

GC Precious Log:
 CardTable entry size: 512
 CPUs: 16 total, 16 available
 Memory: 16068M
 Large Page Support: Disabled
 NUMA Support: Disabled
 Compressed Oops: Enabled (32-bit)
 Alignments: Space 512K, Generation 512K, Heap 2M
 Heap Min Capacity: 100M
 Heap Initial Capacity: 100M
 Heap Max Capacity: 2G
 Pre-touch: Disabled
 Parallel Workers: 13

Heap:
 PSYoungGen      total 27136K, used 12148K [0x00000000d5580000, 0x00000000d7480000, 0x0000000100000000)
  eden space 24576K, 39% used [0x00000000d5580000,0x00000000d5ef8540,0x00000000d6d80000)
  from space 2560K, 95% used [0x00000000d6e80000,0x00000000d70e4e90,0x00000000d7100000)
  to   space 3584K, 0% used [0x00000000d7100000,0x00000000d7100000,0x00000000d7480000)
 ParOldGen       total 68608K, used 9047K [0x0000000080000000, 0x0000000084300000, 0x00000000d5580000)
  object space 68608K, 13% used [0x0000000080000000,0x00000000808d5c10,0x0000000084300000)
 Metaspace       used 24625K, committed 25344K, reserved 1114112K
  class space    used 2371K, committed 2688K, reserved 1048576K

Card table byte_map: [0x0000023dc5a10000,0x0000023dc5e20000] _byte_map_base: 0x0000023dc5610000

Marking Bits: (ParMarkBitMap*) 0x00007ff88d03a340
 Begin Bits: [0x0000023dd8510000, 0x0000023dda510000)
 End Bits:   [0x0000023dda510000, 0x0000023ddc510000)

Polling page: 0x0000023dc3eb0000

Metaspace:

Usage:
  Non-class:     21.73 MB used.
      Class:      2.32 MB used.
       Both:     24.05 MB used.

Virtual space:
  Non-class space:       64.00 MB reserved,      22.12 MB ( 35%) committed,  1 nodes.
      Class space:        1.00 GB reserved,       2.62 MB ( <1%) committed,  1 nodes.
             Both:        1.06 GB reserved,      24.75 MB (  2%) committed. 

Chunk freelists:
   Non-Class:  9.69 MB
       Class:  13.34 MB
        Both:  23.03 MB

MaxMetaspaceSize: unlimited
CompressedClassSpaceSize: 1.00 GB
Initial GC threshold: 21.00 MB
Current GC threshold: 35.00 MB
CDS: on
 - commit_granule_bytes: 65536.
 - commit_granule_words: 8192.
 - virtual_space_node_default_size: 8388608.
 - enlarge_chunks_in_place: 1.
 - use_allocation_guard: 0.


Internal statistics:

num_allocs_failed_limit: 3.
num_arena_births: 522.
num_arena_deaths: 14.
num_vsnodes_births: 2.
num_vsnodes_deaths: 0.
num_space_committed: 396.
num_space_uncommitted: 0.
num_chunks_returned_to_freelist: 17.
num_chunks_taken_from_freelist: 1432.
num_chunk_merges: 9.
num_chunk_splits: 933.
num_chunks_enlarged: 615.
num_inconsistent_stats: 0.

CodeHeap 'non-profiled nmethods': size=119168Kb used=1476Kb max_used=1476Kb free=117691Kb
 bounds [0x0000023dd0e00000, 0x0000023dd1070000, 0x0000023dd8260000]
CodeHeap 'profiled nmethods': size=119104Kb used=6514Kb max_used=6514Kb free=112589Kb
 bounds [0x0000023dc9260000, 0x0000023dc98c0000, 0x0000023dd06b0000]
CodeHeap 'non-nmethods': size=7488Kb used=3010Kb max_used=3045Kb free=4477Kb
 bounds [0x0000023dd06b0000, 0x0000023dd09b0000, 0x0000023dd0e00000]
CodeCache: size=245760Kb, used=11000Kb, max_used=11035Kb, free=234757Kb
 total_blobs=3840, nmethods=3224, adapters=519, full_count=0
Compilation: enabled, stopped_count=0, restarted_count=0

Compilation events (20 events):
Event: 1.869 Thread 0x0000023ddde9b230 nmethod 3204 0x0000023dd0f6e810 code [0x0000023dd0f6e9a0, 0x0000023dd0f6ea68]
Event: 1.869 Thread 0x0000023ddde9d440 3205       3       com.sun.org.apache.xerces.internal.util.XMLChar::isName (23 bytes)
Event: 1.869 Thread 0x0000023ddde9b230 3206       3       com.sun.org.apache.xerces.internal.dom.NodeImpl::isOwned (16 bytes)
Event: 1.869 Thread 0x0000023dc612ca70 3207       3       java.util.ArrayList::rangeCheckForAdd (26 bytes)
Event: 1.869 Thread 0x0000023ddde9d440 nmethod 3205 0x0000023dc98b2210 code [0x0000023dc98b23c0, 0x0000023dc98b2568]
Event: 1.869 Thread 0x0000023ddde9b230 nmethod 3206 0x0000023dc98b2610 code [0x0000023dc98b27a0, 0x0000023dc98b2908]
Event: 1.869 Thread 0x0000023ddde9d440 3208       3       com.sun.org.apache.xerces.internal.dom.NodeImpl::needsSyncData (15 bytes)
Event: 1.869 Thread 0x0000023ddde3dad0 3209       3       com.sun.org.apache.xerces.internal.util.XMLChar::isNameStart (22 bytes)
Event: 1.869 Thread 0x0000023ddde9b230 3210       3       java.util.ArrayList::add (65 bytes)
Event: 1.869 Thread 0x0000023ddde9d440 nmethod 3208 0x0000023dc98b2990 code [0x0000023dc98b2b20, 0x0000023dc98b2c88]
Event: 1.869 Thread 0x0000023ddde3dad0 nmethod 3209 0x0000023dc98b2d10 code [0x0000023dc98b2ec0, 0x0000023dc98b3068]
Event: 1.869 Thread 0x0000023dc612ca70 nmethod 3207 0x0000023dc98b3110 code [0x0000023dc98b3380, 0x0000023dc98b3b90]
Event: 1.869 Thread 0x0000023dc612ca70 3211       3       com.sun.org.apache.xerces.internal.dom.AttrImpl::getNodeName (16 bytes)
Event: 1.869 Thread 0x0000023ddde9d440 3212       1       com.sun.org.apache.xerces.internal.dom.DocumentImpl::getMutationEvents (5 bytes)
Event: 1.869 Thread 0x0000023ddde9d440 nmethod 3212 0x0000023dd0f6eb10 code [0x0000023dd0f6eca0, 0x0000023dd0f6ed70]
Event: 1.869 Thread 0x0000023dc612ca70 nmethod 3211 0x0000023dc98b3f10 code [0x0000023dc98b40c0, 0x0000023dc98b4380]
Event: 1.869 Thread 0x0000023ddde3dad0 3213       3       com.sun.org.apache.xerces.internal.dom.NodeImpl::isNormalized (17 bytes)
Event: 1.870 Thread 0x0000023ddde9b230 nmethod 3210 0x0000023dc98b4490 code [0x0000023dc98b46a0, 0x0000023dc98b4d08]
Event: 1.870 Thread 0x0000023ddde3dad0 nmethod 3213 0x0000023dc98b4f90 code [0x0000023dc98b5120, 0x0000023dc98b5288]
Event: 1.874 Thread 0x0000023ddde9db10 nmethod 3184 0x0000023dd0f6ee10 code [0x0000023dd0f6f0a0, 0x0000023dd0f6fec0]

GC Heap History (16 events):
Event: 0.403 GC heap before
{Heap before GC invocations=1 (full 0):
 PSYoungGen      total 29696K, used 25600K [0x00000000d5580000, 0x00000000d7680000, 0x0000000100000000)
  eden space 25600K, 100% used [0x00000000d5580000,0x00000000d6e80000,0x00000000d6e80000)
  from space 4096K, 0% used [0x00000000d7280000,0x00000000d7280000,0x00000000d7680000)
  to   space 4096K, 0% used [0x00000000d6e80000,0x00000000d6e80000,0x00000000d7280000)
 ParOldGen       total 68608K, used 0K [0x0000000080000000, 0x0000000084300000, 0x00000000d5580000)
  object space 68608K, 0% used [0x0000000080000000,0x0000000080000000,0x0000000084300000)
 Metaspace       used 4135K, committed 4416K, reserved 1114112K
  class space    used 451K, committed 576K, reserved 1048576K
}
Event: 0.406 GC heap after
{Heap after GC invocations=1 (full 0):
 PSYoungGen      total 29696K, used 3675K [0x00000000d5580000, 0x00000000d7680000, 0x0000000100000000)
  eden space 25600K, 0% used [0x00000000d5580000,0x00000000d5580000,0x00000000d6e80000)
  from space 4096K, 89% used [0x00000000d6e80000,0x00000000d7216da0,0x00000000d7280000)
  to   space 4096K, 0% used [0x00000000d7280000,0x00000000d7280000,0x00000000d7680000)
 ParOldGen       total 68608K, used 16K [0x0000000080000000, 0x0000000084300000, 0x00000000d5580000)
  object space 68608K, 0% used [0x0000000080000000,0x0000000080004000,0x0000000084300000)
 Metaspace       used 4135K, committed 4416K, reserved 1114112K
  class space    used 451K, committed 576K, reserved 1048576K
}
Event: 0.747 GC heap before
{Heap before GC invocations=2 (full 0):
 PSYoungGen      total 29696K, used 29275K [0x00000000d5580000, 0x00000000d7680000, 0x0000000100000000)
  eden space 25600K, 100% used [0x00000000d5580000,0x00000000d6e80000,0x00000000d6e80000)
  from space 4096K, 89% used [0x00000000d6e80000,0x00000000d7216da0,0x00000000d7280000)
  to   space 4096K, 0% used [0x00000000d7280000,0x00000000d7280000,0x00000000d7680000)
 ParOldGen       total 68608K, used 16K [0x0000000080000000, 0x0000000084300000, 0x00000000d5580000)
  object space 68608K, 0% used [0x0000000080000000,0x0000000080004000,0x0000000084300000)
 Metaspace       used 7947K, committed 8192K, reserved 1114112K
  class space    used 828K, committed 960K, reserved 1048576K
}
Event: 0.750 GC heap after
{Heap after GC invocations=2 (full 0):
 PSYoungGen      total 29696K, used 4077K [0x00000000d5580000, 0x00000000d7680000, 0x0000000100000000)
  eden space 25600K, 0% used [0x00000000d5580000,0x00000000d5580000,0x00000000d6e80000)
  from space 4096K, 99% used [0x00000000d7280000,0x00000000d767b4e0,0x00000000d7680000)
  to   space 4096K, 0% used [0x00000000d6e80000,0x00000000d6e80000,0x00000000d7280000)
 ParOldGen       total 68608K, used 884K [0x0000000080000000, 0x0000000084300000, 0x00000000d5580000)
  object space 68608K, 1% used [0x0000000080000000,0x00000000800dd168,0x0000000084300000)
 Metaspace       used 7947K, committed 8192K, reserved 1114112K
  class space    used 828K, committed 960K, reserved 1048576K
}
Event: 1.039 GC heap before
{Heap before GC invocations=3 (full 0):
 PSYoungGen      total 29696K, used 29677K [0x00000000d5580000, 0x00000000d7680000, 0x0000000100000000)
  eden space 25600K, 100% used [0x00000000d5580000,0x00000000d6e80000,0x00000000d6e80000)
  from space 4096K, 99% used [0x00000000d7280000,0x00000000d767b4e0,0x00000000d7680000)
  to   space 4096K, 0% used [0x00000000d6e80000,0x00000000d6e80000,0x00000000d7280000)
 ParOldGen       total 68608K, used 884K [0x0000000080000000, 0x0000000084300000, 0x00000000d5580000)
  object space 68608K, 1% used [0x0000000080000000,0x00000000800dd168,0x0000000084300000)
 Metaspace       used 12759K, committed 13312K, reserved 1114112K
  class space    used 1349K, committed 1600K, reserved 1048576K
}
Event: 1.042 GC heap after
{Heap after GC invocations=3 (full 0):
 PSYoungGen      total 29696K, used 4085K [0x00000000d5580000, 0x00000000d7680000, 0x0000000100000000)
  eden space 25600K, 0% used [0x00000000d5580000,0x00000000d5580000,0x00000000d6e80000)
  from space 4096K, 99% used [0x00000000d6e80000,0x00000000d727d7b0,0x00000000d7280000)
  to   space 4096K, 0% used [0x00000000d7280000,0x00000000d7280000,0x00000000d7680000)
 ParOldGen       total 68608K, used 2603K [0x0000000080000000, 0x0000000084300000, 0x00000000d5580000)
  object space 68608K, 3% used [0x0000000080000000,0x000000008028ae40,0x0000000084300000)
 Metaspace       used 12759K, committed 13312K, reserved 1114112K
  class space    used 1349K, committed 1600K, reserved 1048576K
}
Event: 1.328 GC heap before
{Heap before GC invocations=4 (full 0):
 PSYoungGen      total 29696K, used 29685K [0x00000000d5580000, 0x00000000d7680000, 0x0000000100000000)
  eden space 25600K, 100% used [0x00000000d5580000,0x00000000d6e80000,0x00000000d6e80000)
  from space 4096K, 99% used [0x00000000d6e80000,0x00000000d727d7b0,0x00000000d7280000)
  to   space 4096K, 0% used [0x00000000d7280000,0x00000000d7280000,0x00000000d7680000)
 ParOldGen       total 68608K, used 2603K [0x0000000080000000, 0x0000000084300000, 0x00000000d5580000)
  object space 68608K, 3% used [0x0000000080000000,0x000000008028ae40,0x0000000084300000)
 Metaspace       used 16525K, committed 17152K, reserved 1114112K
  class space    used 1738K, committed 2048K, reserved 1048576K
}
Event: 1.331 GC heap after
{Heap after GC invocations=4 (full 0):
 PSYoungGen      total 29696K, used 4078K [0x00000000d5580000, 0x00000000d7680000, 0x0000000100000000)
  eden space 25600K, 0% used [0x00000000d5580000,0x00000000d5580000,0x00000000d6e80000)
  from space 4096K, 99% used [0x00000000d7280000,0x00000000d767b8d0,0x00000000d7680000)
  to   space 4096K, 0% used [0x00000000d6e80000,0x00000000d6e80000,0x00000000d7280000)
 ParOldGen       total 68608K, used 5285K [0x0000000080000000, 0x0000000084300000, 0x00000000d5580000)
  object space 68608K, 7% used [0x0000000080000000,0x00000000805295c8,0x0000000084300000)
 Metaspace       used 16525K, committed 17152K, reserved 1114112K
  class space    used 1738K, committed 2048K, reserved 1048576K
}
Event: 1.486 GC heap before
{Heap before GC invocations=5 (full 0):
 PSYoungGen      total 29696K, used 29678K [0x00000000d5580000, 0x00000000d7680000, 0x0000000100000000)
  eden space 25600K, 100% used [0x00000000d5580000,0x00000000d6e80000,0x00000000d6e80000)
  from space 4096K, 99% used [0x00000000d7280000,0x00000000d767b8d0,0x00000000d7680000)
  to   space 4096K, 0% used [0x00000000d6e80000,0x00000000d6e80000,0x00000000d7280000)
 ParOldGen       total 68608K, used 5285K [0x0000000080000000, 0x0000000084300000, 0x00000000d5580000)
  object space 68608K, 7% used [0x0000000080000000,0x00000000805295c8,0x0000000084300000)
 Metaspace       used 19852K, committed 20544K, reserved 1114112K
  class space    used 1976K, committed 2304K, reserved 1048576K
}
Event: 1.488 GC heap after
{Heap after GC invocations=5 (full 0):
 PSYoungGen      total 29184K, used 4081K [0x00000000d5580000, 0x00000000d7900000, 0x0000000100000000)
  eden space 25088K, 0% used [0x00000000d5580000,0x00000000d5580000,0x00000000d6e00000)
  from space 4096K, 99% used [0x00000000d6e80000,0x00000000d727c4b0,0x00000000d7280000)
  to   space 5632K, 0% used [0x00000000d7380000,0x00000000d7380000,0x00000000d7900000)
 ParOldGen       total 68608K, used 5691K [0x0000000080000000, 0x0000000084300000, 0x00000000d5580000)
  object space 68608K, 8% used [0x0000000080000000,0x000000008058ef28,0x0000000084300000)
 Metaspace       used 19852K, committed 20544K, reserved 1114112K
  class space    used 1976K, committed 2304K, reserved 1048576K
}
Event: 1.531 GC heap before
{Heap before GC invocations=6 (full 0):
 PSYoungGen      total 29184K, used 12208K [0x00000000d5580000, 0x00000000d7900000, 0x0000000100000000)
  eden space 25088K, 32% used [0x00000000d5580000,0x00000000d5d6fd50,0x00000000d6e00000)
  from space 4096K, 99% used [0x00000000d6e80000,0x00000000d727c4b0,0x00000000d7280000)
  to   space 5632K, 0% used [0x00000000d7380000,0x00000000d7380000,0x00000000d7900000)
 ParOldGen       total 68608K, used 5691K [0x0000000080000000, 0x0000000084300000, 0x00000000d5580000)
  object space 68608K, 8% used [0x0000000080000000,0x000000008058ef28,0x0000000084300000)
 Metaspace       used 20839K, committed 21504K, reserved 1114112K
  class space    used 2046K, committed 2368K, reserved 1048576K
}
Event: 1.533 GC heap after
{Heap after GC invocations=6 (full 0):
 PSYoungGen      total 30208K, used 4888K [0x00000000d5580000, 0x00000000d7880000, 0x0000000100000000)
  eden space 25088K, 0% used [0x00000000d5580000,0x00000000d5580000,0x00000000d6e00000)
  from space 5120K, 95% used [0x00000000d7380000,0x00000000d78460b0,0x00000000d7880000)
  to   space 5120K, 0% used [0x00000000d6e80000,0x00000000d6e80000,0x00000000d7380000)
 ParOldGen       total 68608K, used 5699K [0x0000000080000000, 0x0000000084300000, 0x00000000d5580000)
  object space 68608K, 8% used [0x0000000080000000,0x0000000080590f28,0x0000000084300000)
 Metaspace       used 20839K, committed 21504K, reserved 1114112K
  class space    used 2046K, committed 2368K, reserved 1048576K
}
Event: 1.533 GC heap before
{Heap before GC invocations=7 (full 1):
 PSYoungGen      total 30208K, used 4888K [0x00000000d5580000, 0x00000000d7880000, 0x0000000100000000)
  eden space 25088K, 0% used [0x00000000d5580000,0x00000000d5580000,0x00000000d6e00000)
  from space 5120K, 95% used [0x00000000d7380000,0x00000000d78460b0,0x00000000d7880000)
  to   space 5120K, 0% used [0x00000000d6e80000,0x00000000d6e80000,0x00000000d7380000)
 ParOldGen       total 68608K, used 5699K [0x0000000080000000, 0x0000000084300000, 0x00000000d5580000)
  object space 68608K, 8% used [0x0000000080000000,0x0000000080590f28,0x0000000084300000)
 Metaspace       used 20839K, committed 21504K, reserved 1114112K
  class space    used 2046K, committed 2368K, reserved 1048576K
}
Event: 1.547 GC heap after
{Heap after GC invocations=7 (full 1):
 PSYoungGen      total 30208K, used 0K [0x00000000d5580000, 0x00000000d7880000, 0x0000000100000000)
  eden space 25088K, 0% used [0x00000000d5580000,0x00000000d5580000,0x00000000d6e00000)
  from space 5120K, 0% used [0x00000000d7380000,0x00000000d7380000,0x00000000d7880000)
  to   space 5120K, 0% used [0x00000000d6e80000,0x00000000d6e80000,0x00000000d7380000)
 ParOldGen       total 68608K, used 9039K [0x0000000080000000, 0x0000000084300000, 0x00000000d5580000)
  object space 68608K, 13% used [0x0000000080000000,0x00000000808d3c10,0x0000000084300000)
 Metaspace       used 20826K, committed 21504K, reserved 1114112K
  class space    used 2042K, committed 2368K, reserved 1048576K
}
Event: 1.707 GC heap before
{Heap before GC invocations=8 (full 1):
 PSYoungGen      total 30208K, used 25088K [0x00000000d5580000, 0x00000000d7880000, 0x0000000100000000)
  eden space 25088K, 100% used [0x00000000d5580000,0x00000000d6e00000,0x00000000d6e00000)
  from space 5120K, 0% used [0x00000000d7380000,0x00000000d7380000,0x00000000d7880000)
  to   space 5120K, 0% used [0x00000000d6e80000,0x00000000d6e80000,0x00000000d7380000)
 ParOldGen       total 68608K, used 9039K [0x0000000080000000, 0x0000000084300000, 0x00000000d5580000)
  object space 68608K, 13% used [0x0000000080000000,0x00000000808d3c10,0x0000000084300000)
 Metaspace       used 23014K, committed 23744K, reserved 1114112K
  class space    used 2222K, committed 2560K, reserved 1048576K
}
Event: 1.708 GC heap after
{Heap after GC invocations=8 (full 1):
 PSYoungGen      total 27136K, used 2451K [0x00000000d5580000, 0x00000000d7480000, 0x0000000100000000)
  eden space 24576K, 0% used [0x00000000d5580000,0x00000000d5580000,0x00000000d6d80000)
  from space 2560K, 95% used [0x00000000d6e80000,0x00000000d70e4e90,0x00000000d7100000)
  to   space 3584K, 0% used [0x00000000d7100000,0x00000000d7100000,0x00000000d7480000)
 ParOldGen       total 68608K, used 9047K [0x0000000080000000, 0x0000000084300000, 0x00000000d5580000)
  object space 68608K, 13% used [0x0000000080000000,0x00000000808d5c10,0x0000000084300000)
 Metaspace       used 23014K, committed 23744K, reserved 1114112K
  class space    used 2222K, committed 2560K, reserved 1048576K
}

Dll operation events (10 events):
Event: 0.008 Loaded shared library c:\Users\Dell\.vscode\extensions\redhat.java-1.46.0-win32-x64\jre\21.0.8-win32-x86_64\bin\java.dll
Event: 0.061 Loaded shared library c:\Users\Dell\.vscode\extensions\redhat.java-1.46.0-win32-x64\jre\21.0.8-win32-x86_64\bin\zip.dll
Event: 0.076 Loaded shared library C:\Users\Dell\.vscode\extensions\redhat.java-1.46.0-win32-x64\jre\21.0.8-win32-x86_64\bin\instrument.dll
Event: 0.079 Loaded shared library C:\Users\Dell\.vscode\extensions\redhat.java-1.46.0-win32-x64\jre\21.0.8-win32-x86_64\bin\net.dll
Event: 0.080 Loaded shared library C:\Users\Dell\.vscode\extensions\redhat.java-1.46.0-win32-x64\jre\21.0.8-win32-x86_64\bin\nio.dll
Event: 0.082 Loaded shared library C:\Users\Dell\.vscode\extensions\redhat.java-1.46.0-win32-x64\jre\21.0.8-win32-x86_64\bin\zip.dll
Event: 0.092 Loaded shared library C:\Users\Dell\.vscode\extensions\redhat.java-1.46.0-win32-x64\jre\21.0.8-win32-x86_64\bin\jimage.dll
Event: 0.129 Loaded shared library c:\Users\Dell\.vscode\extensions\redhat.java-1.46.0-win32-x64\jre\21.0.8-win32-x86_64\bin\verify.dll
Event: 0.761 Loaded shared library C:\Users\Dell\AppData\Roaming\Code\User\globalStorage\redhat.java\1.46.0\config_ss_win\org.eclipse.equinox.launcher\org.eclipse.equinox.launcher.win32.win32.x86_64_1.2.1400.v20250801-0854\eclipse_11916.dll
Event: 1.244 Loaded shared library C:\Users\Dell\AppData\Local\Temp\jna-2126305\jna9964283926213341003.dll

Deoptimization events (20 events):
Event: 1.747 Thread 0x0000023ddf84ee40 Uncommon trap: trap_request=0xffffffc6 fr.pc=0x0000023dd0eb9e80 relative=0x0000000000000aa0
Event: 1.747 Thread 0x0000023ddf84ee40 Uncommon trap: reason=bimorphic_or_optimized_type_check action=maybe_recompile pc=0x0000023dd0eb9e80 method=java.util.HashMap.putVal(ILjava/lang/Object;Ljava/lang/Object;ZZ)Ljava/lang/Object; @ 56 c2
Event: 1.747 Thread 0x0000023ddf84ee40 DEOPT PACKING pc=0x0000023dd0eb9e80 sp=0x00000043511fdf10
Event: 1.747 Thread 0x0000023ddf84ee40 DEOPT UNPACKING pc=0x0000023dd0703aa2 sp=0x00000043511fde10 mode 2
Event: 1.747 Thread 0x0000023ddf84ee40 Uncommon trap: trap_request=0xffffffc6 fr.pc=0x0000023dd0eb9e80 relative=0x0000000000000aa0
Event: 1.747 Thread 0x0000023ddf84ee40 Uncommon trap: reason=bimorphic_or_optimized_type_check action=maybe_recompile pc=0x0000023dd0eb9e80 method=java.util.HashMap.putVal(ILjava/lang/Object;Ljava/lang/Object;ZZ)Ljava/lang/Object; @ 56 c2
Event: 1.747 Thread 0x0000023ddf84ee40 DEOPT PACKING pc=0x0000023dd0eb9e80 sp=0x00000043511fdf10
Event: 1.747 Thread 0x0000023ddf84ee40 DEOPT UNPACKING pc=0x0000023dd0703aa2 sp=0x00000043511fde10 mode 2
Event: 1.747 Thread 0x0000023ddf84ee40 Uncommon trap: trap_request=0xffffffc6 fr.pc=0x0000023dd0eb9ed0 relative=0x0000000000000af0
Event: 1.747 Thread 0x0000023ddf84ee40 Uncommon trap: reason=bimorphic_or_optimized_type_check action=maybe_recompile pc=0x0000023dd0eb9ed0 method=java.util.HashMap.putVal(ILjava/lang/Object;Ljava/lang/Object;ZZ)Ljava/lang/Object; @ 152 c2
Event: 1.747 Thread 0x0000023ddf84ee40 DEOPT PACKING pc=0x0000023dd0eb9ed0 sp=0x00000043511fdf10
Event: 1.747 Thread 0x0000023ddf84ee40 DEOPT UNPACKING pc=0x0000023dd0703aa2 sp=0x00000043511fde18 mode 2
Event: 1.747 Thread 0x0000023ddf84ee40 Uncommon trap: trap_request=0xffffffc6 fr.pc=0x0000023dd0eb9ed0 relative=0x0000000000000af0
Event: 1.747 Thread 0x0000023ddf84ee40 Uncommon trap: reason=bimorphic_or_optimized_type_check action=maybe_recompile pc=0x0000023dd0eb9ed0 method=java.util.HashMap.putVal(ILjava/lang/Object;Ljava/lang/Object;ZZ)Ljava/lang/Object; @ 152 c2
Event: 1.747 Thread 0x0000023ddf84ee40 DEOPT PACKING pc=0x0000023dd0eb9ed0 sp=0x00000043511fdf10
Event: 1.747 Thread 0x0000023ddf84ee40 DEOPT UNPACKING pc=0x0000023dd0703aa2 sp=0x00000043511fde18 mode 2
Event: 1.763 Thread 0x0000023ddf84ee40 Uncommon trap: trap_request=0xffffff45 fr.pc=0x0000023dd0f60428 relative=0x0000000000000a88
Event: 1.763 Thread 0x0000023ddf84ee40 Uncommon trap: reason=unstable_if action=reinterpret pc=0x0000023dd0f60428 method=java.util.regex.Pattern$BmpCharPropertyGreedy.match(Ljava/util/regex/Matcher;ILjava/lang/CharSequence;)Z @ 12 c2
Event: 1.763 Thread 0x0000023ddf84ee40 DEOPT PACKING pc=0x0000023dd0f60428 sp=0x00000043511fdbc0
Event: 1.763 Thread 0x0000023ddf84ee40 DEOPT UNPACKING pc=0x0000023dd0703aa2 sp=0x00000043511fdaa8 mode 2

Classes loaded (20 events):
Event: 1.874 Loading class com/sun/org/apache/xalan/internal/utils/FeaturePropertyBase
Event: 1.874 Loading class com/sun/org/apache/xalan/internal/utils/FeaturePropertyBase done
Event: 1.874 Loading class com/sun/org/apache/xalan/internal/utils/XMLSecurityPropertyManager done
Event: 1.874 Loading class com/sun/org/apache/xalan/internal/utils/FeaturePropertyBase$State
Event: 1.874 Loading class com/sun/org/apache/xalan/internal/utils/FeaturePropertyBase$State done
Event: 1.874 Loading class com/sun/org/apache/xalan/internal/utils/XMLSecurityPropertyManager$Property
Event: 1.874 Loading class com/sun/org/apache/xalan/internal/utils/XMLSecurityPropertyManager$Property done
Event: 1.874 Loading class jdk/xml/internal/XMLSecurityManager
Event: 1.874 Loading class jdk/xml/internal/XMLSecurityManager done
Event: 1.874 Loading class jdk/xml/internal/XMLSecurityManager$Limit
Event: 1.875 Loading class jdk/xml/internal/XMLSecurityManager$Limit done
Event: 1.875 Loading class jdk/xml/internal/XMLSecurityManager$Processor
Event: 1.875 Loading class jdk/xml/internal/XMLSecurityManager$Processor done
Event: 1.875 Loading class jdk/xml/internal/XMLSecurityManager$NameMap
Event: 1.875 Loading class jdk/xml/internal/XMLSecurityManager$NameMap done
Event: 1.875 Loading class jdk/xml/internal/JdkProperty
Event: 1.875 Loading class jdk/xml/internal/JdkProperty done
Event: 1.875 Loading class javax/xml/catalog/CatalogFeatures$State
Event: 1.876 Loading class javax/xml/catalog/CatalogFeatures$State done
Event: 1.876 Loading class javax/xml/catalog/Util

Classes unloaded (7 events):
Event: 1.536 Thread 0x0000023dc6110bd0 Unloading class 0x0000023d8118d400 'java/lang/invoke/LambdaForm$MH+0x0000023d8118d400'
Event: 1.536 Thread 0x0000023dc6110bd0 Unloading class 0x0000023d8118d000 'java/lang/invoke/LambdaForm$MH+0x0000023d8118d000'
Event: 1.536 Thread 0x0000023dc6110bd0 Unloading class 0x0000023d8118cc00 'java/lang/invoke/LambdaForm$MH+0x0000023d8118cc00'
Event: 1.536 Thread 0x0000023dc6110bd0 Unloading class 0x0000023d8118c800 'java/lang/invoke/LambdaForm$MH+0x0000023d8118c800'
Event: 1.536 Thread 0x0000023dc6110bd0 Unloading class 0x0000023d8118c400 'java/lang/invoke/LambdaForm$BMH+0x0000023d8118c400'
Event: 1.536 Thread 0x0000023dc6110bd0 Unloading class 0x0000023d8118c000 'java/lang/invoke/LambdaForm$DMH+0x0000023d8118c000'
Event: 1.536 Thread 0x0000023dc6110bd0 Unloading class 0x0000023d8118ac00 'java/lang/invoke/LambdaForm$DMH+0x0000023d8118ac00'

Classes redefined (0 events):
No events

Internal exceptions (20 events):
Event: 1.274 Thread 0x0000023ddf84ee40 Exception <a 'java/lang/NoSuchMethodError'{0x00000000d68b68f8}: 'java.lang.Object java.lang.invoke.DirectMethodHandle$Holder.invokeSpecial(java.lang.Object, java.lang.Object, java.lang.Object, java.lang.Object, long)'> (0x00000000d68b68f8) 
thrown [s\src\hotspot\share\interpreter\linkResolver.cpp, line 773]
Event: 1.274 Thread 0x0000023ddf84ee40 Exception <a 'java/lang/NoSuchMethodError'{0x00000000d68ba518}: 'java.lang.Object java.lang.invoke.Invokers$Holder.linkToTargetMethod(java.lang.Object, java.lang.Object, long, java.lang.Object)'> (0x00000000d68ba518) 
thrown [s\src\hotspot\share\interpreter\linkResolver.cpp, line 773]
Event: 1.278 Thread 0x0000023ddf84ee40 Exception <a 'java/lang/NoSuchMethodError'{0x00000000d6925808}: 'int java.lang.invoke.DirectMethodHandle$Holder.invokeStaticInit(java.lang.Object, java.lang.Object, java.lang.Object)'> (0x00000000d6925808) 
thrown [s\src\hotspot\share\interpreter\linkResolver.cpp, line 773]
Event: 1.282 Thread 0x0000023ddf84ee40 Exception <a 'java/lang/IncompatibleClassChangeError'{0x00000000d69a8c48}: Found class java.lang.Object, but interface was expected> (0x00000000d69a8c48) 
thrown [s\src\hotspot\share\interpreter\linkResolver.cpp, line 840]
Event: 1.286 Thread 0x0000023ddf84ee40 Exception <a 'java/lang/NoSuchMethodError'{0x00000000d69be9d8}: 'java.lang.Object java.lang.invoke.DirectMethodHandle$Holder.invokeSpecial(java.lang.Object, java.lang.Object, java.lang.Object, int, java.lang.Object, java.lang.Object)'> (0x00000000d69be9d8) 
thrown [s\src\hotspot\share\interpreter\linkResolver.cpp, line 773]
Event: 1.286 Thread 0x0000023ddf84ee40 Exception <a 'java/lang/NoSuchMethodError'{0x00000000d69c64b0}: 'java.lang.Object java.lang.invoke.DirectMethodHandle$Holder.newInvokeSpecial(java.lang.Object, java.lang.Object, java.lang.Object, int, java.lang.Object)'> (0x00000000d69c64b0) 
thrown [s\src\hotspot\share\interpreter\linkResolver.cpp, line 773]
Event: 1.286 Thread 0x0000023ddf84ee40 Exception <a 'java/lang/NoSuchMethodError'{0x00000000d69ca470}: 'java.lang.Object java.lang.invoke.DirectMethodHandle$Holder.invokeSpecial(java.lang.Object, java.lang.Object, java.lang.Object, java.lang.Object, int, java.lang.Object)'> (0x00000000d69ca470) 
thrown [s\src\hotspot\share\interpreter\linkResolver.cpp, line 773]
Event: 1.286 Thread 0x0000023ddf84ee40 Exception <a 'java/lang/NoSuchMethodError'{0x00000000d69cdfb0}: 'java.lang.Object java.lang.invoke.Invokers$Holder.linkToTargetMethod(java.lang.Object, java.lang.Object, int, java.lang.Object, java.lang.Object)'> (0x00000000d69cdfb0) 
thrown [s\src\hotspot\share\interpreter\linkResolver.cpp, line 773]
Event: 1.287 Thread 0x0000023de46cc5f0 Exception <a 'java/lang/NoSuchMethodError'{0x00000000d68e85c8}: 'java.lang.Object java.lang.invoke.DirectMethodHandle$Holder.invokeSpecial(java.lang.Object, java.lang.Object, int, java.lang.Object, java.lang.Object)'> (0x00000000d68e85c8) 
thrown [s\src\hotspot\share\interpreter\linkResolver.cpp, line 773]
Event: 1.287 Thread 0x0000023de46cc5f0 Exception <a 'java/lang/NoSuchMethodError'{0x00000000d68ef300}: 'java.lang.Object java.lang.invoke.DirectMethodHandle$Holder.newInvokeSpecial(java.lang.Object, java.lang.Object, int, java.lang.Object)'> (0x00000000d68ef300) 
thrown [s\src\hotspot\share\interpreter\linkResolver.cpp, line 773]
Event: 1.287 Thread 0x0000023de46cc5f0 Exception <a 'java/lang/NoSuchMethodError'{0x00000000d68f2c20}: 'java.lang.Object java.lang.invoke.DirectMethodHandle$Holder.invokeSpecial(java.lang.Object, java.lang.Object, java.lang.Object, int, java.lang.Object)'> (0x00000000d68f2c20) 
thrown [s\src\hotspot\share\interpreter\linkResolver.cpp, line 773]
Event: 1.295 Thread 0x0000023ddf84ee40 Exception <a 'java/lang/NoSuchMethodError'{0x00000000d6adcb08}: 'void java.lang.invoke.DirectMethodHandle$Holder.invokeSpecial(java.lang.Object, java.lang.Object, java.lang.Object, java.lang.Object, java.lang.Object)'> (0x00000000d6adcb08) 
thrown [s\src\hotspot\share\interpreter\linkResolver.cpp, line 773]
Event: 1.316 Thread 0x0000023ddf84ee40 Exception <a 'java/lang/NoSuchMethodError'{0x00000000d6cf63c0}: 'double java.lang.invoke.DirectMethodHandle$Holder.invokeStatic(java.lang.Object, java.lang.Object)'> (0x00000000d6cf63c0) 
thrown [s\src\hotspot\share\interpreter\linkResolver.cpp, line 773]
Event: 1.317 Thread 0x0000023ddf84ee40 Exception <a 'java/lang/NoSuchMethodError'{0x00000000d6cf9a80}: 'double java.lang.invoke.DirectMethodHandle$Holder.invokeStaticInit(java.lang.Object, java.lang.Object)'> (0x00000000d6cf9a80) 
thrown [s\src\hotspot\share\interpreter\linkResolver.cpp, line 773]
Event: 1.507 Thread 0x0000023ddf84ee40 Implicit null exception at 0x0000023dd0f39ff5 to 0x0000023dd0f3a0d0
Event: 1.689 Thread 0x0000023ddf84ee40 Exception <a 'java/lang/ClassNotFoundException'{0x00000000d6c42a38}: com/sun/org/apache/xerces/internal/impl/msg/spi/DOMMessagesProvider> (0x00000000d6c42a38) 
thrown [s\src\hotspot\share\classfile\systemDictionary.cpp, line 312]
Event: 1.690 Thread 0x0000023ddf84ee40 Exception <a 'java/lang/ClassNotFoundException'{0x00000000d6c5dac0}: com/sun/org/apache/xerces/internal/impl/msg/spi/XMLSerializerMessagesProvider> (0x00000000d6c5dac0) 
thrown [s\src\hotspot\share\classfile\systemDictionary.cpp, line 312]
Event: 1.691 Thread 0x0000023ddf84ee40 Exception <a 'java/lang/ClassNotFoundException'{0x00000000d6c6c420}: com/sun/org/apache/xerces/internal/impl/msg/spi/XMLMessagesProvider> (0x00000000d6c6c420) 
thrown [s\src\hotspot\share\classfile\systemDictionary.cpp, line 312]
Event: 1.717 Thread 0x0000023ddf84ee40 Exception <a 'java/lang/NoSuchMethodError'{0x00000000d5618500}: 'java.lang.Object java.lang.invoke.DirectMethodHandle$Holder.newInvokeSpecial(java.lang.Object, int, java.lang.Object, java.lang.Object)'> (0x00000000d5618500) 
thrown [s\src\hotspot\share\interpreter\linkResolver.cpp, line 773]
Event: 1.758 Thread 0x0000023ddf84ee40 Exception <a 'sun/nio/fs/WindowsException'{0x00000000d582d5b0}> (0x00000000d582d5b0) 
thrown [s\src\hotspot\share\prims\jni.cpp, line 520]

ZGC Phase Switch (0 events):
No events

VM Operations (20 events):
Event: 1.109 Executing VM operation: HandshakeAllThreads (Deoptimize)
Event: 1.109 Executing VM operation: HandshakeAllThreads (Deoptimize) done
Event: 1.203 Executing VM operation: HandshakeAllThreads (Deoptimize)
Event: 1.203 Executing VM operation: HandshakeAllThreads (Deoptimize) done
Event: 1.248 Executing VM operation: HandshakeAllThreads (Deoptimize)
Event: 1.248 Executing VM operation: HandshakeAllThreads (Deoptimize) done
Event: 1.328 Executing VM operation: ParallelGCFailedAllocation (Allocation Failure)
Event: 1.331 Executing VM operation: ParallelGCFailedAllocation (Allocation Failure) done
Event: 1.486 Executing VM operation: ParallelGCFailedAllocation (Allocation Failure)
Event: 1.488 Executing VM operation: ParallelGCFailedAllocation (Allocation Failure) done
Event: 1.531 Executing VM operation: CollectForMetadataAllocation (Metadata GC Threshold)
Event: 1.547 Executing VM operation: CollectForMetadataAllocation (Metadata GC Threshold) done
Event: 1.706 Executing VM operation: ParallelGCFailedAllocation (Allocation Failure)
Event: 1.708 Executing VM operation: ParallelGCFailedAllocation (Allocation Failure) done
Event: 1.746 Executing VM operation: HandshakeAllThreads (Deoptimize)
Event: 1.746 Executing VM operation: HandshakeAllThreads (Deoptimize) done
Event: 1.807 Executing VM operation: HandshakeAllThreads (Deoptimize)
Event: 1.807 Executing VM operation: HandshakeAllThreads (Deoptimize) done
Event: 1.807 Executing VM operation: HandshakeAllThreads (Deoptimize)
Event: 1.808 Executing VM operation: HandshakeAllThreads (Deoptimize) done

Memory protections (0 events):
No events

Nmethod flushes (0 events):
No events

Events (20 events):
Event: 0.065 Thread 0x0000023ddde9d440 Thread added: 0x0000023ddde9e1e0
Event: 0.065 Thread 0x0000023dc612ca70 Thread added: 0x0000023ddde9bfd0
Event: 0.177 Thread 0x0000023dc606c920 Thread added: 0x0000023ddf6b78b0
Event: 0.526 Thread 0x0000023dc6128300 Thread added: 0x0000023ddde9b900
Event: 0.526 Thread 0x0000023dc6128300 Thread added: 0x0000023ddde9c6a0
Event: 0.657 Thread 0x0000023dc606c920 Thread added: 0x0000023de4346140
Event: 0.755 Thread 0x0000023dc606c920 Thread added: 0x0000023ddfdec1f0
Event: 0.758 Thread 0x0000023dc606c920 Thread added: 0x0000023ddf84ee40
Event: 0.836 Thread 0x0000023ddf84ee40 Thread added: 0x0000023ddf791a00
Event: 0.851 Thread 0x0000023ddde9c6a0 Thread exited: 0x0000023ddde9c6a0
Event: 0.866 Thread 0x0000023ddde9b900 Thread exited: 0x0000023ddde9b900
Event: 0.884 Thread 0x0000023dc612ca70 Thread added: 0x0000023ddde9b900
Event: 1.007 Thread 0x0000023ddf84ee40 Thread added: 0x0000023de466d320
Event: 1.258 Thread 0x0000023ddf84ee40 Thread added: 0x0000023de47085d0
Event: 1.276 Thread 0x0000023ddf84ee40 Thread added: 0x0000023de46cc5f0
Event: 1.285 Thread 0x0000023ddde9b900 Thread exited: 0x0000023ddde9b900
Event: 1.287 Thread 0x0000023ddf84ee40 Thread added: 0x0000023de46df6c0
Event: 1.371 Thread 0x0000023ddde9d440 Thread added: 0x0000023ddde9db10
Event: 1.699 Thread 0x0000023ddf84ee40 Thread added: 0x0000023de56bb070
Event: 1.780 Thread 0x0000023de56bb070 Thread exited: 0x0000023de56bb070


Dynamic libraries:
0x00007ff7939a0000 - 0x00007ff7939ae000 	c:\Users\Dell\.vscode\extensions\redhat.java-1.46.0-win32-x64\jre\21.0.8-win32-x86_64\bin\java.exe
0x00007ff93d720000 - 0x00007ff93d989000 	C:\WINDOWS\SYSTEM32\ntdll.dll
0x00007ff93c9f0000 - 0x00007ff93cab9000 	C:\WINDOWS\System32\KERNEL32.DLL
0x00007ff93ad60000 - 0x00007ff93b153000 	C:\WINDOWS\System32\KERNELBASE.dll
0x00007ff93aa10000 - 0x00007ff93ab5b000 	C:\WINDOWS\System32\ucrtbase.dll
0x00007ff936c80000 - 0x00007ff936c9e000 	c:\Users\Dell\.vscode\extensions\redhat.java-1.46.0-win32-x64\jre\21.0.8-win32-x86_64\bin\VCRUNTIME140.dll
0x00007ff924e30000 - 0x00007ff924e48000 	c:\Users\Dell\.vscode\extensions\redhat.java-1.46.0-win32-x64\jre\21.0.8-win32-x86_64\bin\jli.dll
0x00007ff93d3c0000 - 0x00007ff93d584000 	C:\WINDOWS\System32\USER32.dll
0x00007ff93b4c0000 - 0x00007ff93b4e7000 	C:\WINDOWS\System32\win32u.dll
0x00007ff925b30000 - 0x00007ff925dc3000 	C:\WINDOWS\WinSxS\amd64_microsoft.windows.common-controls_6595b64144ccf1df_6.0.26100.5074_none_3e0d6f78e32fd63f\COMCTL32.dll
0x00007ff93d590000 - 0x00007ff93d5bb000 	C:\WINDOWS\System32\GDI32.dll
0x00007ff93be60000 - 0x00007ff93bf09000 	C:\WINDOWS\System32\msvcrt.dll
0x00007ff93b160000 - 0x00007ff93b28d000 	C:\WINDOWS\System32\gdi32full.dll
0x00007ff93b290000 - 0x00007ff93b333000 	C:\WINDOWS\System32\msvcp_win.dll
0x00007ff93ce70000 - 0x00007ff93ce9f000 	C:\WINDOWS\System32\IMM32.DLL
0x00007ff937560000 - 0x00007ff93756c000 	c:\Users\Dell\.vscode\extensions\redhat.java-1.46.0-win32-x64\jre\21.0.8-win32-x86_64\bin\vcruntime140_1.dll
0x00007ff924da0000 - 0x00007ff924e2d000 	c:\Users\Dell\.vscode\extensions\redhat.java-1.46.0-win32-x64\jre\21.0.8-win32-x86_64\bin\msvcp140.dll
0x00007ff88c380000 - 0x00007ff88d117000 	c:\Users\Dell\.vscode\extensions\redhat.java-1.46.0-win32-x64\jre\21.0.8-win32-x86_64\bin\server\jvm.dll
0x00007ff93b4f0000 - 0x00007ff93b5a4000 	C:\WINDOWS\System32\ADVAPI32.dll
0x00007ff93bf90000 - 0x00007ff93c036000 	C:\WINDOWS\System32\sechost.dll
0x00007ff93c8d0000 - 0x00007ff93c9e8000 	C:\WINDOWS\System32\RPCRT4.dll
0x00007ff93bf10000 - 0x00007ff93bf84000 	C:\WINDOWS\System32\WS2_32.dll
0x00007ff93a730000 - 0x00007ff93a78e000 	C:\WINDOWS\SYSTEM32\POWRPROF.dll
0x00007ff931a90000 - 0x00007ff931ac5000 	C:\WINDOWS\SYSTEM32\WINMM.dll
0x00007ff930500000 - 0x00007ff93050b000 	C:\WINDOWS\SYSTEM32\VERSION.dll
0x00007ff93a6f0000 - 0x00007ff93a704000 	C:\WINDOWS\SYSTEM32\UMPDC.dll
0x00007ff939690000 - 0x00007ff9396ab000 	C:\WINDOWS\SYSTEM32\kernel.appcore.dll
0x00007ff936ec0000 - 0x00007ff936eca000 	c:\Users\Dell\.vscode\extensions\redhat.java-1.46.0-win32-x64\jre\21.0.8-win32-x86_64\bin\jimage.dll
0x00007ff9381d0000 - 0x00007ff938412000 	C:\WINDOWS\SYSTEM32\DBGHELP.DLL
0x00007ff93d030000 - 0x00007ff93d3ab000 	C:\WINDOWS\System32\combase.dll
0x00007ff93c2e0000 - 0x00007ff93c3b7000 	C:\WINDOWS\System32\OLEAUT32.dll
0x00007ff922390000 - 0x00007ff9223cd000 	C:\WINDOWS\SYSTEM32\dbgcore.DLL
0x00007ff93a970000 - 0x00007ff93aa09000 	C:\WINDOWS\System32\bcryptPrimitives.dll
0x00007ff936110000 - 0x00007ff93611f000 	c:\Users\Dell\.vscode\extensions\redhat.java-1.46.0-win32-x64\jre\21.0.8-win32-x86_64\bin\instrument.dll
0x00007ff924d80000 - 0x00007ff924d9f000 	c:\Users\Dell\.vscode\extensions\redhat.java-1.46.0-win32-x64\jre\21.0.8-win32-x86_64\bin\java.dll
0x00007ff93b5b0000 - 0x00007ff93bcfd000 	C:\WINDOWS\System32\SHELL32.dll
0x00007ff93abf0000 - 0x00007ff93ad5c000 	C:\WINDOWS\System32\wintypes.dll
0x00007ff938510000 - 0x00007ff938d69000 	C:\WINDOWS\SYSTEM32\windows.storage.dll
0x00007ff93cf30000 - 0x00007ff93d020000 	C:\WINDOWS\System32\SHCORE.dll
0x00007ff93cc20000 - 0x00007ff93cc82000 	C:\WINDOWS\System32\shlwapi.dll
0x00007ff93a7d0000 - 0x00007ff93a7f9000 	C:\WINDOWS\SYSTEM32\profapi.dll
0x00007ff924d60000 - 0x00007ff924d78000 	c:\Users\Dell\.vscode\extensions\redhat.java-1.46.0-win32-x64\jre\21.0.8-win32-x86_64\bin\zip.dll
0x00007ff9356f0000 - 0x00007ff935700000 	C:\Users\Dell\.vscode\extensions\redhat.java-1.46.0-win32-x64\jre\21.0.8-win32-x86_64\bin\net.dll
0x00007ff931d30000 - 0x00007ff931e4f000 	C:\WINDOWS\SYSTEM32\WINHTTP.dll
0x00007ff939c10000 - 0x00007ff939c7b000 	C:\WINDOWS\system32\mswsock.dll
0x00007ff905c10000 - 0x00007ff905c26000 	C:\Users\Dell\.vscode\extensions\redhat.java-1.46.0-win32-x64\jre\21.0.8-win32-x86_64\bin\nio.dll
0x00007ff906cf0000 - 0x00007ff906d00000 	c:\Users\Dell\.vscode\extensions\redhat.java-1.46.0-win32-x64\jre\21.0.8-win32-x86_64\bin\verify.dll
0x00007ff903e30000 - 0x00007ff903e74000 	C:\Users\Dell\AppData\Roaming\Code\User\globalStorage\redhat.java\1.46.0\config_ss_win\org.eclipse.equinox.launcher\org.eclipse.equinox.launcher.win32.win32.x86_64_1.2.1400.v20250801-0854\eclipse_11916.dll
0x00007ff93c140000 - 0x00007ff93c2d8000 	C:\WINDOWS\System32\ole32.dll
0x00007ff939ec0000 - 0x00007ff939edb000 	C:\WINDOWS\SYSTEM32\CRYPTSP.dll
0x00007ff9395f0000 - 0x00007ff93962b000 	C:\WINDOWS\system32\rsaenh.dll
0x00007ff939cb0000 - 0x00007ff939cdb000 	C:\WINDOWS\SYSTEM32\USERENV.dll
0x00007ff93a7a0000 - 0x00007ff93a7c6000 	C:\WINDOWS\SYSTEM32\bcrypt.dll
0x00007ff939eb0000 - 0x00007ff939ebc000 	C:\WINDOWS\SYSTEM32\CRYPTBASE.dll
0x00007ff9390e0000 - 0x00007ff939114000 	C:\WINDOWS\SYSTEM32\IPHLPAPI.DLL
0x00007ff93bda0000 - 0x00007ff93bdaa000 	C:\WINDOWS\System32\NSI.dll
0x00007ff8fee60000 - 0x00007ff8feea9000 	C:\Users\Dell\AppData\Local\Temp\jna-2126305\jna9964283926213341003.dll
0x00007ff93bd90000 - 0x00007ff93bd98000 	C:\WINDOWS\System32\PSAPI.DLL

JVMTI agents:
c:\Users\Dell\.vscode\extensions\redhat.java-1.46.0-win32-x64\lombok\lombok-1.18.39-4050.jar path:c:\Users\Dell\.vscode\extensions\redhat.java-1.46.0-win32-x64\jre\21.0.8-win32-x86_64\bin\instrument.dll, loaded, initialized, instrumentlib options:none

dbghelp: loaded successfully - version: 4.0.5 - missing functions: none
symbol engine: initialized successfully - sym options: 0x614 - pdb path: .;c:\Users\Dell\.vscode\extensions\redhat.java-1.46.0-win32-x64\jre\21.0.8-win32-x86_64\bin;C:\WINDOWS\SYSTEM32;C:\WINDOWS\WinSxS\amd64_microsoft.windows.common-controls_6595b64144ccf1df_6.0.26100.5074_none_3e0d6f78e32fd63f;c:\Users\Dell\.vscode\extensions\redhat.java-1.46.0-win32-x64\jre\21.0.8-win32-x86_64\bin\server;C:\Users\Dell\AppData\Roaming\Code\User\globalStorage\redhat.java\1.46.0\config_ss_win\org.eclipse.equinox.launcher\org.eclipse.equinox.launcher.win32.win32.x86_64_1.2.1400.v20250801-0854;C:\Users\Dell\AppData\Local\Temp\jna-2126305

VM Arguments:
jvm_args: --add-modules=ALL-SYSTEM --add-opens=java.base/java.util=ALL-UNNAMED --add-opens=java.base/java.lang=ALL-UNNAMED --add-opens=java.base/sun.nio.fs=ALL-UNNAMED -Declipse.application=org.eclipse.jdt.ls.core.id1 -Dosgi.bundles.defaultStartLevel=4 -Declipse.product=org.eclipse.jdt.ls.core.product -Djava.import.generatesMetadataFilesAtProjectRoot=false -DDetectVMInstallationsJob.disabled=true -Dfile.encoding=utf8 -XX:+UseParallelGC -XX:GCTimeRatio=4 -XX:AdaptiveSizePolicyWeight=90 -Dsun.zip.disableMemoryMapping=true -Xmx2G -Xms100m -Xlog:disable -javaagent:c:\Users\Dell\.vscode\extensions\redhat.java-1.46.0-win32-x64\lombok\lombok-1.18.39-4050.jar 
java_command: c:\Users\Dell\.vscode\extensions\redhat.java-1.46.0-win32-x64\server\plugins\org.eclipse.equinox.launcher_1.7.0.v20250519-0528.jar -configuration c:\Users\Dell\AppData\Roaming\Code\User\globalStorage\redhat.java\1.46.0\config_ss_win -data c:\Users\Dell\AppData\Roaming\Code\User\workspaceStorage\98e4522e8c7ece03435476b608bd186f\redhat.java\ss_ws --pipe=\\.\pipe\lsp-2020372129652b45ef5f00538164eca2-sock
java_class_path (initial): c:\Users\Dell\.vscode\extensions\redhat.java-1.46.0-win32-x64\server\plugins\org.eclipse.equinox.launcher_1.7.0.v20250519-0528.jar
Launcher Type: SUN_STANDARD

[Global flags]
    uintx AdaptiveSizePolicyWeight                 = 90                                        {product} {command line}
     intx CICompilerCount                          = 12                                        {product} {ergonomic}
    uintx GCTimeRatio                              = 4                                         {product} {command line}
   size_t InitialHeapSize                          = 104857600                                 {product} {command line}
   size_t MaxHeapSize                              = 2147483648                                {product} {command line}
   size_t MaxNewSize                               = 715653120                                 {product} {ergonomic}
   size_t MinHeapDeltaBytes                        = 524288                                    {product} {ergonomic}
   size_t MinHeapSize                              = 104857600                                 {product} {command line}
   size_t NewSize                                  = 34603008                                  {product} {ergonomic}
    uintx NonNMethodCodeHeapSize                   = 7602480                                {pd product} {ergonomic}
    uintx NonProfiledCodeHeapSize                  = 122027880                              {pd product} {ergonomic}
   size_t OldSize                                  = 70254592                                  {product} {ergonomic}
    uintx ProfiledCodeHeapSize                     = 122027880                              {pd product} {ergonomic}
    uintx ReservedCodeCacheSize                    = 251658240                              {pd product} {ergonomic}
     bool SegmentedCodeCache                       = true                                      {product} {ergonomic}
   size_t SoftMaxHeapSize                          = 2147483648                             {manageable} {ergonomic}
     bool UseCompressedOops                        = true                           {product lp64_product} {ergonomic}
     bool UseLargePagesIndividualAllocation        = false                                  {pd product} {ergonomic}
     bool UseParallelGC                            = true                                      {product} {command line}

Logging:
Log output configuration:
 #0: stdout all=off uptime,level,tags foldmultilines=false
 #1: stderr all=off uptime,level,tags foldmultilines=false

Environment Variables:
JAVA_HOME=C:\Program Files\Java\jdk-22
PATH=C:\Program Files\Python313\Scripts\;C:\Program Files\Python313\;C:\Program Files\Microsoft\jdk-17.0.14.7-hotspot\bin;C:\Program Files\Common Files\Oracle\Java\javapath;C:\Windows\system32;C:\Windows;C:\Windows\System32\Wbem;C:\Windows\System32\WindowsPowerShell\v1.0\;C:\Windows\System32\OpenSSH\;C:\Program Files\dotnet\;C:\Program Files\NVIDIA Corporation\NVIDIA NvDLISR;C:\Program Files\Java\jdk-22\bin;C:\Program Files\Git\cmd;C:\WINDOWS\system32;C:\WINDOWS;C:\WINDOWS\System32\Wbem;C:\WINDOWS\System32\WindowsPowerShell\v1.0\;C:\WINDOWS\System32\OpenSSH\;C:\Users\Dell\Downloads\apache-maven-3.9.9\bin;C:\Program Files\CMake\bin;C:\Program Files\CMake\bin;C:\Program Files\nodejs\;C:\ProgramData\chocolatey\bin;C:\Program Files\nodejs;;C:\Program Files\Docker\Docker\resources\bin;C:\Program Files\MySQL\MySQL Shell 8.0\bin\;C:\Users\Dell\AppData\Local\Microsoft\WindowsApps;C:\Users\Dell\AppData\Local\Programs\Microsoft VS Code\bin;C:\MinGW\bin;C:\Program Files\JetBrains\IntelliJ IDEA 2024.3.1\bin;;C:\Program Files\JetBrains\IntelliJ IDEA Community Edition 2024.3.1\bin;;C:\Users\Dell\AppData\Roaming\npm;C:\Users\Dell\AppData\Roaming\Python\Python313\Scripts;
USERNAME=Dell
OS=Windows_NT
PROCESSOR_IDENTIFIER=Intel64 Family 6 Model 154 Stepping 3, GenuineIntel
TMP=C:\Users\Dell\AppData\Local\Temp
TEMP=C:\Users\Dell\AppData\Local\Temp




Periodic native trim disabled

---------------  S Y S T E M  ---------------

OS:
 Windows 11 , 64 bit Build 26100 (10.0.26100.5074)
OS uptime: 15 days 13:13 hours
Hyper-V role detected

CPU: total 16 (initial active 16) (8 cores per cpu, 2 threads per core) family 6 model 154 stepping 3 microcode 0x437, cx8, cmov, fxsr, ht, mmx, 3dnowpref, sse, sse2, sse3, ssse3, sse4.1, sse4.2, popcnt, lzcnt, tsc, tscinvbit, avx, avx2, aes, erms, clmul, bmi1, bmi2, adx, sha, fma, vzeroupper, clflush, clflushopt, clwb, hv, serialize, rdtscp, rdpid, fsrm, f16c, cet_ibt, cet_ss
Processor Information for processor 0
  Max Mhz: 2500, Current Mhz: 2500, Mhz Limit: 2500
Processor Information for processor 1
  Max Mhz: 2500, Current Mhz: 2500, Mhz Limit: 2500
Processor Information for processor 2
  Max Mhz: 2500, Current Mhz: 2500, Mhz Limit: 2500
Processor Information for processor 3
  Max Mhz: 2500, Current Mhz: 2500, Mhz Limit: 2500
Processor Information for processor 4
  Max Mhz: 2500, Current Mhz: 2500, Mhz Limit: 2500
Processor Information for processor 5
  Max Mhz: 2500, Current Mhz: 2500, Mhz Limit: 2500
Processor Information for processor 6
  Max Mhz: 2500, Current Mhz: 2500, Mhz Limit: 2500
Processor Information for processor 7
  Max Mhz: 2500, Current Mhz: 2500, Mhz Limit: 2500
Processor Information for processor 8
  Max Mhz: 2500, Current Mhz: 2500, Mhz Limit: 2500
Processor Information for processor 9
  Max Mhz: 2500, Current Mhz: 1527, Mhz Limit: 2500
Processor Information for processor 10
  Max Mhz: 2500, Current Mhz: 1527, Mhz Limit: 2500
Processor Information for processor 11
  Max Mhz: 2500, Current Mhz: 2500, Mhz Limit: 2500
Processor Information for processor 12
  Max Mhz: 2500, Current Mhz: 2500, Mhz Limit: 2500
Processor Information for processor 13
  Max Mhz: 2500, Current Mhz: 1527, Mhz Limit: 2500
Processor Information for processor 14
  Max Mhz: 2500, Current Mhz: 2500, Mhz Limit: 2500
Processor Information for processor 15
  Max Mhz: 2500, Current Mhz: 2500, Mhz Limit: 2500

Memory: 4k page, system-wide physical 16068M (1989M free)
TotalPageFile size 47791M (AvailPageFile size 5M)
current process WorkingSet (physical memory assigned to process): 159M, peak: 162M
current process commit charge ("private bytes"): 310M, peak: 311M

vm_info: OpenJDK 64-Bit Server VM (21.0.8+9-LTS) for windows-amd64 JRE (21.0.8+9-LTS), built on 2025-07-15T00:00:00Z by "admin" with MS VC++ 17.7 (VS2022)

END.
