#
# There is insufficient memory for the Java Runtime Environment to continue.
# Native memory allocation (malloc) failed to allocate 575184 bytes. Error detail: Chunk::new
# Possible reasons:
#   The system is out of physical RAM or swap space
#   This process is running with CompressedOops enabled, and the Java Heap may be blocking the growth of the native heap
# Possible solutions:
#   Reduce memory load on the system
#   Increase physical memory or swap space
#   Check if swap backing store is full
#   Decrease Java heap size (-Xmx/-Xms)
#   Decrease number of Java threads
#   Decrease Java thread stack sizes (-Xss)
#   Set larger code cache with -XX:ReservedCodeCacheSize=
#   JVM is running with Unscaled Compressed Oops mode in which the Java heap is
#     placed in the first 4GB address space. The Java Heap base address is the
#     maximum limit for the native heap growth. Please use -XX:HeapBaseMinAddress
#     to set the Java Heap base and to place the Java Heap above 4GB virtual address.
# This output file may be truncated or incomplete.
#
#  Out of Memory Error (arena.cpp:168), pid=5552, tid=29600
#
# JRE version: OpenJDK Runtime Environment Temurin-21.0.8+9 (21.0.8+9) (build 21.0.8+9-LTS)
# Java VM: OpenJDK 64-Bit Server VM Temurin-21.0.8+9 (21.0.8+9-LTS, mixed mode, sharing, tiered, compressed oops, compressed class ptrs, parallel gc, windows-amd64)
# No core dump will be written. Minidumps are not enabled by default on client versions of Windows
#

---------------  S U M M A R Y ------------

Command Line: --add-modules=ALL-SYSTEM --add-opens=java.base/java.util=ALL-UNNAMED --add-opens=java.base/java.lang=ALL-UNNAMED --add-opens=java.base/sun.nio.fs=ALL-UNNAMED -Declipse.application=org.eclipse.jdt.ls.core.id1 -Dosgi.bundles.defaultStartLevel=4 -Declipse.product=org.eclipse.jdt.ls.core.product -Djava.import.generatesMetadataFilesAtProjectRoot=false -DDetectVMInstallationsJob.disabled=true -Dfile.encoding=utf8 -XX:+UseParallelGC -XX:GCTimeRatio=4 -XX:AdaptiveSizePolicyWeight=90 -Dsun.zip.disableMemoryMapping=true -Xmx2G -Xms100m -Xlog:disable -javaagent:c:\Users\Dell\.vscode\extensions\redhat.java-1.46.0-win32-x64\lombok\lombok-1.18.39-4050.jar c:\Users\Dell\.vscode\extensions\redhat.java-1.46.0-win32-x64\server\plugins\org.eclipse.equinox.launcher_1.7.0.v20250519-0528.jar -configuration c:\Users\Dell\AppData\Roaming\Code\User\globalStorage\redhat.java\1.46.0\config_ss_win -data c:\Users\Dell\AppData\Roaming\Code\User\workspaceStorage\98e4522e8c7ece03435476b608bd186f\redhat.java\ss_ws --pipe=\\.\pipe\lsp-e88f7352f171974f77b94b860c6cdc68-sock

Host: 12th Gen Intel(R) Core(TM) i5-12500H, 16 cores, 15G,  Windows 11 , 64 bit Build 26100 (10.0.26100.5074)
Time: Thu Oct 30 20:24:32 2025 India Standard Time elapsed time: 4.178348 seconds (0d 0h 0m 4s)

---------------  T H R E A D  ---------------

Current thread (0x000001547c588d40):  JavaThread "C2 CompilerThread0" daemon [_thread_in_native, id=29600, stack(0x000000350e500000,0x000000350e600000) (1024K)]


Current CompileTask:
C2:4178 1103   !   4       java.util.jar.Attributes::read (494 bytes)

Stack: [0x000000350e500000,0x000000350e600000]
Native frames: (J=compiled Java code, j=interpreted, Vv=VM code, C=native code)
V  [jvm.dll+0x6d2449]
V  [jvm.dll+0x8ae341]
V  [jvm.dll+0x8b08be]
V  [jvm.dll+0x8b0fa3]
V  [jvm.dll+0x280c96]
V  [jvm.dll+0xc581d]
V  [jvm.dll+0xc5d53]
V  [jvm.dll+0x3b919c]
V  [jvm.dll+0x385315]
V  [jvm.dll+0x38477a]
V  [jvm.dll+0x248ed0]
V  [jvm.dll+0x2484af]
V  [jvm.dll+0x1c89ee]
V  [jvm.dll+0x257d4d]
V  [jvm.dll+0x2562ea]
V  [jvm.dll+0x3f2d16]
V  [jvm.dll+0x857e6b]
V  [jvm.dll+0x6d0b0d]
C  [ucrtbase.dll+0x37b0]
C  [KERNEL32.DLL+0x2e8d7]
C  [ntdll.dll+0x8d9c]


---------------  P R O C E S S  ---------------

Threads class SMR info:
_java_thread_list=0x000001547d9dec20, length=11, elements={
0x0000015474affc40, 0x000001547c579400, 0x0000015474bad070, 0x000001547c581f50,
0x000001547c584c30, 0x000001547c586730, 0x000001547d94cf70, 0x000001547c588d40,
0x000001547d951fe0, 0x000001547da93560, 0x000001547f20ec40
}

Java Threads: ( => current thread )
  0x0000015474affc40 JavaThread "main"                              [_thread_in_vm, id=14900, stack(0x000000350db00000,0x000000350dc00000) (1024K)]
  0x000001547c579400 JavaThread "Reference Handler"          daemon [_thread_blocked, id=11364, stack(0x000000350df00000,0x000000350e000000) (1024K)]
  0x0000015474bad070 JavaThread "Finalizer"                  daemon [_thread_blocked, id=15808, stack(0x000000350e000000,0x000000350e100000) (1024K)]
  0x000001547c581f50 JavaThread "Signal Dispatcher"          daemon [_thread_blocked, id=16352, stack(0x000000350e100000,0x000000350e200000) (1024K)]
  0x000001547c584c30 JavaThread "Attach Listener"            daemon [_thread_blocked, id=16896, stack(0x000000350e200000,0x000000350e300000) (1024K)]
  0x000001547c586730 JavaThread "Service Thread"             daemon [_thread_blocked, id=13116, stack(0x000000350e300000,0x000000350e400000) (1024K)]
  0x000001547d94cf70 JavaThread "Monitor Deflation Thread"   daemon [_thread_blocked, id=18096, stack(0x000000350e400000,0x000000350e500000) (1024K)]
=>0x000001547c588d40 JavaThread "C2 CompilerThread0"         daemon [_thread_in_native, id=29600, stack(0x000000350e500000,0x000000350e600000) (1024K)]
  0x000001547d951fe0 JavaThread "C1 CompilerThread0"         daemon [_thread_in_vm, id=18912, stack(0x000000350e600000,0x000000350e700000) (1024K)]
  0x000001547da93560 JavaThread "Common-Cleaner"             daemon [_thread_blocked, id=15964, stack(0x000000350ea00000,0x000000350eb00000) (1024K)]
  0x000001547f20ec40 JavaThread "Notification Thread"        daemon [_thread_blocked, id=24288, stack(0x000000350ec00000,0x000000350ed00000) (1024K)]
Total: 11

Other Threads:
  0x0000015474b99840 VMThread "VM Thread"                           [id=22868, stack(0x000000350de00000,0x000000350df00000) (1024K)]
  0x000001547c46c330 WatcherThread "VM Periodic Task Thread"        [id=42816, stack(0x000000350dd00000,0x000000350de00000) (1024K)]
  0x0000015474b172d0 WorkerThread "GC Thread#0"                     [id=27976, stack(0x000000350dc00000,0x000000350dd00000) (1024K)]
  0x000001547f904f50 WorkerThread "GC Thread#1"                     [id=9664, stack(0x000000350ee00000,0x000000350ef00000) (1024K)]
  0x000001547f3bb120 WorkerThread "GC Thread#2"                     [id=23768, stack(0x000000350ef00000,0x000000350f000000) (1024K)]
  0x000001547f3c0190 WorkerThread "GC Thread#3"                     [id=25672, stack(0x000000350f000000,0x000000350f100000) (1024K)]
  0x000001547f3c0530 WorkerThread "GC Thread#4"                     [id=5224, stack(0x000000350f100000,0x000000350f200000) (1024K)]
  0x000001547f3c0ce0 WorkerThread "GC Thread#5"                     [id=27348, stack(0x000000350f200000,0x000000350f300000) (1024K)]
  0x000001547f69d550 WorkerThread "GC Thread#6"                     [id=23284, stack(0x000000350f300000,0x000000350f400000) (1024K)]
Total: 9

Threads with active compile tasks:
C2 CompilerThread0  4191 1103   !   4       java.util.jar.Attributes::read (494 bytes)
C1 CompilerThread0  4191 1177       3       java.lang.ref.PhantomReference::<init> (7 bytes)
Total: 2

VM state: not at safepoint (normal execution)

VM Mutex/Monitor currently owned by a thread: None

Heap address: 0x0000000080000000, size: 2048 MB, Compressed Oops mode: 32-bit

CDS archive(s) mapped at: [0x000001540f000000-0x000001540fba0000-0x000001540fba0000), size 12189696, SharedBaseAddress: 0x000001540f000000, ArchiveRelocationMode: 1.
Compressed class space mapped at: 0x0000015410000000-0x0000015450000000, reserved size: 1073741824
Narrow klass base: 0x000001540f000000, Narrow klass shift: 0, Narrow klass range: 0x100000000

GC Precious Log:
 CardTable entry size: 512
 CPUs: 16 total, 16 available
 Memory: 16068M
 Large Page Support: Disabled
 NUMA Support: Disabled
 Compressed Oops: Enabled (32-bit)
 Alignments: Space 512K, Generation 512K, Heap 2M
 Heap Min Capacity: 100M
 Heap Initial Capacity: 100M
 Heap Max Capacity: 2G
 Pre-touch: Disabled
 Parallel Workers: 13

Heap:
 PSYoungGen      total 29696K, used 7108K [0x00000000d5580000, 0x00000000d7680000, 0x0000000100000000)
  eden space 25600K, 13% used [0x00000000d5580000,0x00000000d58d6458,0x00000000d6e80000)
  from space 4096K, 90% used [0x00000000d6e80000,0x00000000d721ad90,0x00000000d7280000)
  to   space 4096K, 0% used [0x00000000d7280000,0x00000000d7280000,0x00000000d7680000)
 ParOldGen       total 68608K, used 16K [0x0000000080000000, 0x0000000084300000, 0x00000000d5580000)
  object space 68608K, 0% used [0x0000000080000000,0x0000000080004000,0x0000000084300000)
 Metaspace       used 4521K, committed 4864K, reserved 1114112K
  class space    used 485K, committed 640K, reserved 1048576K

Card table byte_map: [0x0000015474490000,0x00000154748a0000] _byte_map_base: 0x0000015474090000

Marking Bits: (ParMarkBitMap*) 0x00007ff88cb6a340
 Begin Bits: [0x0000015477f90000, 0x0000015479f90000)
 End Bits:   [0x0000015479f90000, 0x000001547bf90000)

Polling page: 0x0000015472990000

Metaspace:

Usage:
  Non-class:      3.94 MB used.
      Class:    485.04 KB used.
       Both:      4.42 MB used.

Virtual space:
  Non-class space:       64.00 MB reserved,       4.12 MB (  6%) committed,  1 nodes.
      Class space:        1.00 GB reserved,     640.00 KB ( <1%) committed,  1 nodes.
             Both:        1.06 GB reserved,       4.75 MB ( <1%) committed. 

Chunk freelists:
   Non-Class:  11.05 MB
       Class:  15.42 MB
        Both:  26.47 MB

MaxMetaspaceSize: unlimited
CompressedClassSpaceSize: 1.00 GB
Initial GC threshold: 21.00 MB
Current GC threshold: 21.00 MB
CDS: on
 - commit_granule_bytes: 65536.
 - commit_granule_words: 8192.
 - virtual_space_node_default_size: 8388608.
 - enlarge_chunks_in_place: 1.
 - use_allocation_guard: 0.


Internal statistics:

num_allocs_failed_limit: 0.
num_arena_births: 184.
num_arena_deaths: 0.
num_vsnodes_births: 2.
num_vsnodes_deaths: 0.
num_space_committed: 76.
num_space_uncommitted: 0.
num_chunks_returned_to_freelist: 0.
num_chunks_taken_from_freelist: 253.
num_chunk_merges: 0.
num_chunk_splits: 163.
num_chunks_enlarged: 97.
num_inconsistent_stats: 0.

CodeHeap 'non-profiled nmethods': size=119168Kb used=422Kb max_used=422Kb free=118745Kb
 bounds [0x0000015407ba0000, 0x0000015407e10000, 0x000001540f000000]
CodeHeap 'profiled nmethods': size=119104Kb used=1906Kb max_used=1906Kb free=117197Kb
 bounds [0x0000015400000000, 0x0000015400270000, 0x0000015407450000]
CodeHeap 'non-nmethods': size=7488Kb used=1194Kb max_used=2906Kb free=6293Kb
 bounds [0x0000015407450000, 0x0000015407730000, 0x0000015407ba0000]
CodeCache: size=245760Kb, used=3522Kb, max_used=5234Kb, free=242235Kb
 total_blobs=1631, nmethods=1176, adapters=362, full_count=0
Compilation: enabled, stopped_count=0, restarted_count=0

Compilation events (20 events):
Event: 1.149 Thread 0x000001547da4ceb0 1145       3       java.util.concurrent.locks.ReentrantLock$Sync::tryRelease (51 bytes)
Event: 1.149 Thread 0x000001547d9db840 1146       3       java.util.concurrent.locks.AbstractQueuedSynchronizer::signalNext (34 bytes)
Event: 1.149 Thread 0x000001547d951fe0 nmethod 1143 0x00000154001c9310 code [0x00000154001c9500, 0x00000154001c98a0]
Event: 1.149 Thread 0x000001547da4ceb0 nmethod 1145 0x00000154001c9990 code [0x00000154001c9b60, 0x00000154001c9e60]
Event: 1.149 Thread 0x000001547d951fe0 1147       3       java.util.concurrent.locks.ReentrantLock::lock (8 bytes)
Event: 1.149 Thread 0x000001547da4ceb0 1148       3       java.util.concurrent.locks.ReentrantLock$Sync::lock (13 bytes)
Event: 1.149 Thread 0x000001547da4ceb0 nmethod 1148 0x00000154001c9f90 code [0x00000154001ca140, 0x00000154001ca388]
Event: 1.149 Thread 0x000001547da4ceb0 1149       3       java.util.concurrent.locks.ReentrantLock::unlock (10 bytes)
Event: 1.149 Thread 0x000001547d951fe0 nmethod 1147 0x00000154001ca490 code [0x00000154001ca660, 0x00000154001ca910]
Event: 1.149 Thread 0x000001547d9db840 nmethod 1146 0x00000154001caa10 code [0x00000154001cac00, 0x00000154001cb090]
Event: 1.150 Thread 0x000001547da4ceb0 nmethod 1149 0x00000154001cbc10 code [0x00000154001cbde0, 0x00000154001cc0b8]
Event: 1.150 Thread 0x000001547d9de6d0 nmethod 1144 0x00000154001cb210 code [0x00000154001cb420, 0x00000154001cba30]
Event: 1.150 Thread 0x000001547d9de6d0 1150   !   3       jdk.internal.loader.BuiltinClassLoader::loadClassOrNull (143 bytes)
Event: 1.150 Thread 0x000001547d9de6d0 nmethod 1150 0x00000154001cc210 code [0x00000154001cc4e0, 0x00000154001cd400]
Event: 1.150 Thread 0x000001547d951fe0 1151       3       java.lang.Object::toString (36 bytes)
Event: 1.151 Thread 0x000001547d951fe0 nmethod 1151 0x00000154001cda90 code [0x00000154001cdd00, 0x00000154001ce4e8]
Event: 1.151 Thread 0x000001547d9de6d0 1152       3       java.util.ArrayDeque::elementAt (4 bytes)
Event: 1.151 Thread 0x000001547d9de6d0 nmethod 1152 0x00000154001ce810 code [0x00000154001ce9a0, 0x00000154001ceab8]
Event: 1.152 Thread 0x000001547d9de6d0 1153       3       jdk.internal.loader.BuiltinClassLoader::loadClass (22 bytes)
Event: 1.152 Thread 0x000001547d9de6d0 nmethod 1153 0x00000154001ceb90 code [0x00000154001ced60, 0x00000154001cf018]

GC Heap History (2 events):
Event: 1.132 GC heap before
{Heap before GC invocations=1 (full 0):
 PSYoungGen      total 29696K, used 25600K [0x00000000d5580000, 0x00000000d7680000, 0x0000000100000000)
  eden space 25600K, 100% used [0x00000000d5580000,0x00000000d6e80000,0x00000000d6e80000)
  from space 4096K, 0% used [0x00000000d7280000,0x00000000d7280000,0x00000000d7680000)
  to   space 4096K, 0% used [0x00000000d6e80000,0x00000000d6e80000,0x00000000d7280000)
 ParOldGen       total 68608K, used 0K [0x0000000080000000, 0x0000000084300000, 0x00000000d5580000)
  object space 68608K, 0% used [0x0000000080000000,0x0000000080000000,0x0000000084300000)
 Metaspace       used 4123K, committed 4416K, reserved 1114112K
  class space    used 451K, committed 576K, reserved 1048576K
}
Event: 1.137 GC heap after
{Heap after GC invocations=1 (full 0):
 PSYoungGen      total 29696K, used 3691K [0x00000000d5580000, 0x00000000d7680000, 0x0000000100000000)
  eden space 25600K, 0% used [0x00000000d5580000,0x00000000d5580000,0x00000000d6e80000)
  from space 4096K, 90% used [0x00000000d6e80000,0x00000000d721ad90,0x00000000d7280000)
  to   space 4096K, 0% used [0x00000000d7280000,0x00000000d7280000,0x00000000d7680000)
 ParOldGen       total 68608K, used 16K [0x0000000080000000, 0x0000000084300000, 0x00000000d5580000)
  object space 68608K, 0% used [0x0000000080000000,0x0000000080004000,0x0000000084300000)
 Metaspace       used 4123K, committed 4416K, reserved 1114112K
  class space    used 451K, committed 576K, reserved 1048576K
}

Dll operation events (8 events):
Event: 0.219 Loaded shared library c:\Users\Dell\.vscode\extensions\redhat.java-1.46.0-win32-x64\jre\21.0.8-win32-x86_64\bin\java.dll
Event: 0.683 Loaded shared library c:\Users\Dell\.vscode\extensions\redhat.java-1.46.0-win32-x64\jre\21.0.8-win32-x86_64\bin\zip.dll
Event: 0.703 Loaded shared library C:\Users\Dell\.vscode\extensions\redhat.java-1.46.0-win32-x64\jre\21.0.8-win32-x86_64\bin\instrument.dll
Event: 0.706 Loaded shared library C:\Users\Dell\.vscode\extensions\redhat.java-1.46.0-win32-x64\jre\21.0.8-win32-x86_64\bin\net.dll
Event: 0.708 Loaded shared library C:\Users\Dell\.vscode\extensions\redhat.java-1.46.0-win32-x64\jre\21.0.8-win32-x86_64\bin\nio.dll
Event: 0.710 Loaded shared library C:\Users\Dell\.vscode\extensions\redhat.java-1.46.0-win32-x64\jre\21.0.8-win32-x86_64\bin\zip.dll
Event: 0.729 Loaded shared library C:\Users\Dell\.vscode\extensions\redhat.java-1.46.0-win32-x64\jre\21.0.8-win32-x86_64\bin\jimage.dll
Event: 0.784 Loaded shared library c:\Users\Dell\.vscode\extensions\redhat.java-1.46.0-win32-x64\jre\21.0.8-win32-x86_64\bin\verify.dll

Deoptimization events (20 events):
Event: 1.129 Thread 0x0000015474affc40 DEOPT PACKING pc=0x0000015400189f31 sp=0x000000350dbfe280
Event: 1.129 Thread 0x0000015474affc40 DEOPT UNPACKING pc=0x00000154074a4242 sp=0x000000350dbfd6f8 mode 0
Event: 1.129 Thread 0x0000015474affc40 DEOPT PACKING pc=0x0000015400189f31 sp=0x000000350dbfe280
Event: 1.129 Thread 0x0000015474affc40 DEOPT UNPACKING pc=0x00000154074a4242 sp=0x000000350dbfd6f8 mode 0
Event: 1.130 Thread 0x0000015474affc40 DEOPT PACKING pc=0x0000015400189f31 sp=0x000000350dbfe280
Event: 1.130 Thread 0x0000015474affc40 DEOPT UNPACKING pc=0x00000154074a4242 sp=0x000000350dbfd6f8 mode 0
Event: 1.130 Thread 0x0000015474affc40 DEOPT PACKING pc=0x0000015400189f31 sp=0x000000350dbfe280
Event: 1.130 Thread 0x0000015474affc40 DEOPT UNPACKING pc=0x00000154074a4242 sp=0x000000350dbfd6f8 mode 0
Event: 1.130 Thread 0x0000015474affc40 DEOPT PACKING pc=0x0000015400189f31 sp=0x000000350dbfe280
Event: 1.130 Thread 0x0000015474affc40 DEOPT UNPACKING pc=0x00000154074a4242 sp=0x000000350dbfd6f8 mode 0
Event: 1.130 Thread 0x0000015474affc40 DEOPT PACKING pc=0x0000015400189f31 sp=0x000000350dbfe280
Event: 1.130 Thread 0x0000015474affc40 DEOPT UNPACKING pc=0x00000154074a4242 sp=0x000000350dbfd6f8 mode 0
Event: 1.130 Thread 0x0000015474affc40 DEOPT PACKING pc=0x0000015400189f31 sp=0x000000350dbfe280
Event: 1.130 Thread 0x0000015474affc40 DEOPT UNPACKING pc=0x00000154074a4242 sp=0x000000350dbfd6f8 mode 0
Event: 1.131 Thread 0x0000015474affc40 DEOPT PACKING pc=0x0000015400189f31 sp=0x000000350dbfe280
Event: 1.131 Thread 0x0000015474affc40 DEOPT UNPACKING pc=0x00000154074a4242 sp=0x000000350dbfd6f8 mode 0
Event: 1.131 Thread 0x0000015474affc40 DEOPT PACKING pc=0x0000015400189f31 sp=0x000000350dbfe280
Event: 1.131 Thread 0x0000015474affc40 DEOPT UNPACKING pc=0x00000154074a4242 sp=0x000000350dbfd6f8 mode 0
Event: 1.131 Thread 0x0000015474affc40 DEOPT PACKING pc=0x0000015400189f31 sp=0x000000350dbfe280
Event: 1.131 Thread 0x0000015474affc40 DEOPT UNPACKING pc=0x00000154074a4242 sp=0x000000350dbfd6f8 mode 0

Classes loaded (20 events):
Event: 1.141 Loading class jdk/internal/logger/LazyLoggers$LazyLoggerAccessor
Event: 1.141 Loading class jdk/internal/logger/LazyLoggers$LoggerAccessor
Event: 1.141 Loading class jdk/internal/logger/LazyLoggers$LoggerAccessor done
Event: 1.141 Loading class jdk/internal/logger/LazyLoggers$LazyLoggerAccessor done
Event: 1.141 Loading class jdk/internal/logger/SurrogateLogger
Event: 1.142 Loading class jdk/internal/logger/SimpleConsoleLogger
Event: 1.142 Loading class sun/util/logging/PlatformLogger$ConfigurableBridge$LoggerConfiguration
Event: 1.142 Loading class sun/util/logging/PlatformLogger$ConfigurableBridge$LoggerConfiguration done
Event: 1.142 Loading class jdk/internal/logger/SimpleConsoleLogger done
Event: 1.142 Loading class jdk/internal/logger/SurrogateLogger done
Event: 1.142 Loading class sun/util/logging/PlatformLogger
Event: 1.142 Loading class sun/util/logging/PlatformLogger done
Event: 1.142 Loading class sun/util/logging/PlatformLogger$Level
Event: 1.142 Loading class sun/util/logging/PlatformLogger$Level done
Event: 1.146 Loading class java/io/BufferedReader
Event: 1.146 Loading class java/io/BufferedReader done
Event: 1.147 Loading class sun/nio/cs/StreamDecoder
Event: 1.147 Loading class sun/nio/cs/StreamDecoder done
Event: 1.147 Loading class sun/nio/cs/UTF_8$Decoder
Event: 1.147 Loading class sun/nio/cs/UTF_8$Decoder done

Classes unloaded (0 events):
No events

Classes redefined (0 events):
No events

Internal exceptions (20 events):
Event: 0.763 Thread 0x0000015474affc40 Exception <a 'java/lang/NoSuchMethodError'{0x00000000d5b7a690}: 'int java.lang.invoke.DirectMethodHandle$Holder.invokeSpecial(java.lang.Object, java.lang.Object, java.lang.Object)'> (0x00000000d5b7a690) 
thrown [s\src\hotspot\share\interpreter\linkResolver.cpp, line 773]
Event: 0.764 Thread 0x0000015474affc40 Exception <a 'java/lang/NoSuchMethodError'{0x00000000d5b86350}: 'java.lang.Object java.lang.invoke.DirectMethodHandle$Holder.invokeStatic(java.lang.Object, java.lang.Object, int)'> (0x00000000d5b86350) 
thrown [s\src\hotspot\share\interpreter\linkResolver.cpp, line 773]
Event: 0.766 Thread 0x0000015474affc40 Exception <a 'java/lang/NoSuchMethodError'{0x00000000d5b8aca0}: 'void java.lang.invoke.DirectMethodHandle$Holder.invokeStatic(java.lang.Object, java.lang.Object, int, java.lang.Object)'> (0x00000000d5b8aca0) 
thrown [s\src\hotspot\share\interpreter\linkResolver.cpp, line 773]
Event: 0.766 Thread 0x0000015474affc40 Exception <a 'java/lang/NoSuchMethodError'{0x00000000d5b8e830}: 'void java.lang.invoke.DirectMethodHandle$Holder.invokeSpecial(java.lang.Object, java.lang.Object, java.lang.Object, int, java.lang.Object)'> (0x00000000d5b8e830) 
thrown [s\src\hotspot\share\interpreter\linkResolver.cpp, line 773]
Event: 0.766 Thread 0x0000015474affc40 Exception <a 'java/lang/NoSuchMethodError'{0x00000000d5b91ca0}: 'void java.lang.invoke.DelegatingMethodHandle$Holder.delegate(java.lang.Object, java.lang.Object, int, java.lang.Object)'> (0x00000000d5b91ca0) 
thrown [s\src\hotspot\share\interpreter\linkResolver.cpp, line 773]
Event: 0.797 Thread 0x0000015474affc40 Exception <a 'java/lang/NoSuchMethodError'{0x00000000d5d51eb8}: 'void java.lang.invoke.DelegatingMethodHandle$Holder.reinvoke_L(java.lang.Object, java.lang.Object, java.lang.Object, int)'> (0x00000000d5d51eb8) 
thrown [s\src\hotspot\share\interpreter\linkResolver.cpp, line 773]
Event: 0.909 Thread 0x0000015474affc40 Exception <a 'java/lang/NoSuchMethodError'{0x00000000d61df9c8}: 'void java.lang.invoke.DirectMethodHandle$Holder.invokeVirtual(java.lang.Object, java.lang.Object)'> (0x00000000d61df9c8) 
thrown [s\src\hotspot\share\interpreter\linkResolver.cpp, line 773]
Event: 0.998 Thread 0x0000015474affc40 Exception <a 'java/lang/NoSuchMethodError'{0x00000000d65c5e30}: 'void java.lang.invoke.DirectMethodHandle$Holder.invokeStatic(java.lang.Object, java.lang.Object)'> (0x00000000d65c5e30) 
thrown [s\src\hotspot\share\interpreter\linkResolver.cpp, line 773]
Event: 1.002 Thread 0x0000015474affc40 Exception <a 'java/lang/ClassNotFoundException'{0x00000000d65edfa8}: sun/net/www/protocol/c/Handler> (0x00000000d65edfa8) 
thrown [s\src\hotspot\share\classfile\systemDictionary.cpp, line 312]
Event: 1.014 Thread 0x0000015474affc40 Exception <a 'java/io/FileNotFoundException'{0x00000000d6647ff8}> (0x00000000d6647ff8) 
thrown [s\src\hotspot\share\prims\jni.cpp, line 520]
Event: 1.014 Thread 0x0000015474affc40 Exception <a 'java/io/FileNotFoundException'{0x00000000d6649360}> (0x00000000d6649360) 
thrown [s\src\hotspot\share\prims\jni.cpp, line 520]
Event: 1.014 Thread 0x0000015474affc40 Exception <a 'java/io/FileNotFoundException'{0x00000000d6649fd8}> (0x00000000d6649fd8) 
thrown [s\src\hotspot\share\prims\jni.cpp, line 520]
Event: 1.015 Thread 0x0000015474affc40 Exception <a 'java/io/FileNotFoundException'{0x00000000d664ab18}> (0x00000000d664ab18) 
thrown [s\src\hotspot\share\prims\jni.cpp, line 520]
Event: 1.017 Thread 0x0000015474affc40 Implicit null exception at 0x0000015407bceaa4 to 0x0000015407bcf048
Event: 1.018 Thread 0x0000015474affc40 Exception <a 'java/io/FileNotFoundException'{0x00000000d6684ca8}> (0x00000000d6684ca8) 
thrown [s\src\hotspot\share\prims\jni.cpp, line 520]
Event: 1.029 Thread 0x0000015474affc40 Exception <a 'java/lang/NoSuchMethodError'{0x00000000d66c0750}: 'java.lang.Object java.lang.invoke.DirectMethodHandle$Holder.invokeInterface(java.lang.Object, java.lang.Object)'> (0x00000000d66c0750) 
thrown [s\src\hotspot\share\interpreter\linkResolver.cpp, line 773]
Event: 1.032 Thread 0x0000015474affc40 Exception <a 'java/lang/NoSuchMethodError'{0x00000000d66d4228}: 'java.lang.Object java.lang.invoke.Invokers$Holder.invokeExact_MT(java.lang.Object, java.lang.Object, java.lang.Object, java.lang.Object, java.lang.Object, java.lang.Object)'> (0x00000000d66d4228) 
thrown [s\src\hotspot\share\interpreter\linkResolver.cpp, line 773]
Event: 1.035 Thread 0x0000015474affc40 Exception <a 'java/lang/NoSuchMethodError'{0x00000000d66eb480}: 'int java.lang.invoke.DirectMethodHandle$Holder.invokeStatic(java.lang.Object, java.lang.Object, java.lang.Object, java.lang.Object, java.lang.Object)'> (0x00000000d66eb480) 
thrown [s\src\hotspot\share\interpreter\linkResolver.cpp, line 773]
Event: 1.055 Thread 0x0000015474affc40 Exception <a 'java/lang/NoSuchMethodError'{0x00000000d6781818}: 'java.lang.Object java.lang.invoke.DirectMethodHandle$Holder.invokeInterface(java.lang.Object, java.lang.Object, int)'> (0x00000000d6781818) 
thrown [s\src\hotspot\share\interpreter\linkResolver.cpp, line 773]
Event: 1.116 Thread 0x0000015474affc40 Exception <a 'java/lang/NoSuchMethodError'{0x00000000d6c0b8a8}: 'java.lang.ClassLoader java.lang.ClassLoader.getPlatformClassLoader(java.lang.Class)'> (0x00000000d6c0b8a8) 
thrown [s\src\hotspot\share\interpreter\linkResolver.cpp, line 773]

ZGC Phase Switch (0 events):
No events

VM Operations (14 events):
Event: 0.681 Executing VM operation: HandshakeAllThreads (Deoptimize)
Event: 0.681 Executing VM operation: HandshakeAllThreads (Deoptimize) done
Event: 0.744 Executing VM operation: HandshakeAllThreads (Deoptimize)
Event: 0.744 Executing VM operation: HandshakeAllThreads (Deoptimize) done
Event: 0.976 Executing VM operation: HandshakeAllThreads (Deoptimize)
Event: 0.976 Executing VM operation: HandshakeAllThreads (Deoptimize) done
Event: 0.994 Executing VM operation: HandshakeAllThreads (Deoptimize)
Event: 0.994 Executing VM operation: HandshakeAllThreads (Deoptimize) done
Event: 1.132 Executing VM operation: ParallelGCFailedAllocation (Allocation Failure)
Event: 1.137 Executing VM operation: ParallelGCFailedAllocation (Allocation Failure) done
Event: 1.147 Executing VM operation: HandshakeAllThreads (Deoptimize)
Event: 1.147 Executing VM operation: HandshakeAllThreads (Deoptimize) done
Event: 2.162 Executing VM operation: Cleanup
Event: 2.162 Executing VM operation: Cleanup done

Memory protections (0 events):
No events

Nmethod flushes (0 events):
No events

Events (16 events):
Event: 0.481 Thread 0x0000015474affc40 Thread added: 0x0000015474affc40
Event: 0.660 Thread 0x0000015474affc40 Thread added: 0x000001547c579400
Event: 0.660 Thread 0x0000015474affc40 Thread added: 0x0000015474bad070
Event: 0.661 Thread 0x0000015474affc40 Thread added: 0x000001547c581f50
Event: 0.661 Thread 0x0000015474affc40 Thread added: 0x000001547c584c30
Event: 0.661 Thread 0x0000015474affc40 Thread added: 0x000001547c586730
Event: 0.661 Thread 0x0000015474affc40 Thread added: 0x000001547d94cf70
Event: 0.661 Thread 0x0000015474affc40 Thread added: 0x000001547c588d40
Event: 0.661 Thread 0x0000015474affc40 Thread added: 0x000001547d951fe0
Event: 0.664 Thread 0x000001547d951fe0 Thread added: 0x000001547d9db840
Event: 0.665 Thread 0x000001547d951fe0 Thread added: 0x000001547d9de6d0
Event: 0.665 Thread 0x000001547d9db840 Thread added: 0x000001547da4ceb0
Event: 0.675 Thread 0x0000015474affc40 Thread added: 0x000001547da93560
Event: 0.688 Thread 0x000001547c588d40 Thread added: 0x000001547dad4160
Event: 0.857 Thread 0x0000015474affc40 Thread added: 0x000001547f20ec40
Event: 0.928 Thread 0x000001547da4ceb0 Thread added: 0x000001547f2698b0


Dynamic libraries:
0x00007ff6b0320000 - 0x00007ff6b032e000 	c:\Users\Dell\.vscode\extensions\redhat.java-1.46.0-win32-x64\jre\21.0.8-win32-x86_64\bin\java.exe
0x00007ff93d720000 - 0x00007ff93d989000 	C:\WINDOWS\SYSTEM32\ntdll.dll
0x00007ff93c9f0000 - 0x00007ff93cab9000 	C:\WINDOWS\System32\KERNEL32.DLL
0x00007ff93ad60000 - 0x00007ff93b153000 	C:\WINDOWS\System32\KERNELBASE.dll
0x00007ff934bd0000 - 0x00007ff934c6e000 	C:\WINDOWS\SYSTEM32\apphelp.dll
0x00007ff93aa10000 - 0x00007ff93ab5b000 	C:\WINDOWS\System32\ucrtbase.dll
0x00007ff935ab0000 - 0x00007ff935ac8000 	c:\Users\Dell\.vscode\extensions\redhat.java-1.46.0-win32-x64\jre\21.0.8-win32-x86_64\bin\jli.dll
0x00007ff93d3c0000 - 0x00007ff93d584000 	C:\WINDOWS\System32\USER32.dll
0x00007ff9358f0000 - 0x00007ff93590e000 	c:\Users\Dell\.vscode\extensions\redhat.java-1.46.0-win32-x64\jre\21.0.8-win32-x86_64\bin\VCRUNTIME140.dll
0x00007ff93b4c0000 - 0x00007ff93b4e7000 	C:\WINDOWS\System32\win32u.dll
0x00007ff93d590000 - 0x00007ff93d5bb000 	C:\WINDOWS\System32\GDI32.dll
0x00007ff925b30000 - 0x00007ff925dc3000 	C:\WINDOWS\WinSxS\amd64_microsoft.windows.common-controls_6595b64144ccf1df_6.0.26100.5074_none_3e0d6f78e32fd63f\COMCTL32.dll
0x00007ff93b160000 - 0x00007ff93b28d000 	C:\WINDOWS\System32\gdi32full.dll
0x00007ff93b290000 - 0x00007ff93b333000 	C:\WINDOWS\System32\msvcp_win.dll
0x00007ff93be60000 - 0x00007ff93bf09000 	C:\WINDOWS\System32\msvcrt.dll
0x00007ff93ce70000 - 0x00007ff93ce9f000 	C:\WINDOWS\System32\IMM32.DLL
0x00007ff936ed0000 - 0x00007ff936edc000 	c:\Users\Dell\.vscode\extensions\redhat.java-1.46.0-win32-x64\jre\21.0.8-win32-x86_64\bin\vcruntime140_1.dll
0x00007ff9058c0000 - 0x00007ff90594d000 	c:\Users\Dell\.vscode\extensions\redhat.java-1.46.0-win32-x64\jre\21.0.8-win32-x86_64\bin\msvcp140.dll
0x00007ff88beb0000 - 0x00007ff88cc47000 	c:\Users\Dell\.vscode\extensions\redhat.java-1.46.0-win32-x64\jre\21.0.8-win32-x86_64\bin\server\jvm.dll
0x00007ff93b4f0000 - 0x00007ff93b5a4000 	C:\WINDOWS\System32\ADVAPI32.dll
0x00007ff93bf90000 - 0x00007ff93c036000 	C:\WINDOWS\System32\sechost.dll
0x00007ff93c8d0000 - 0x00007ff93c9e8000 	C:\WINDOWS\System32\RPCRT4.dll
0x00007ff93bf10000 - 0x00007ff93bf84000 	C:\WINDOWS\System32\WS2_32.dll
0x00007ff93a730000 - 0x00007ff93a78e000 	C:\WINDOWS\SYSTEM32\POWRPROF.dll
0x00007ff931a90000 - 0x00007ff931ac5000 	C:\WINDOWS\SYSTEM32\WINMM.dll
0x00007ff930500000 - 0x00007ff93050b000 	C:\WINDOWS\SYSTEM32\VERSION.dll
0x00007ff93a6f0000 - 0x00007ff93a704000 	C:\WINDOWS\SYSTEM32\UMPDC.dll
0x00007ff939690000 - 0x00007ff9396ab000 	C:\WINDOWS\SYSTEM32\kernel.appcore.dll
0x00007ff936b80000 - 0x00007ff936b8a000 	c:\Users\Dell\.vscode\extensions\redhat.java-1.46.0-win32-x64\jre\21.0.8-win32-x86_64\bin\jimage.dll
0x00007ff9381d0000 - 0x00007ff938412000 	C:\WINDOWS\SYSTEM32\DBGHELP.DLL
0x00007ff93d030000 - 0x00007ff93d3ab000 	C:\WINDOWS\System32\combase.dll
0x00007ff93c2e0000 - 0x00007ff93c3b7000 	C:\WINDOWS\System32\OLEAUT32.dll
0x00007ff922390000 - 0x00007ff9223cd000 	C:\WINDOWS\SYSTEM32\dbgcore.DLL
0x00007ff93a970000 - 0x00007ff93aa09000 	C:\WINDOWS\System32\bcryptPrimitives.dll
0x00007ff9364e0000 - 0x00007ff9364ef000 	c:\Users\Dell\.vscode\extensions\redhat.java-1.46.0-win32-x64\jre\21.0.8-win32-x86_64\bin\instrument.dll
0x00007ff932520000 - 0x00007ff93253f000 	c:\Users\Dell\.vscode\extensions\redhat.java-1.46.0-win32-x64\jre\21.0.8-win32-x86_64\bin\java.dll
0x00007ff93b5b0000 - 0x00007ff93bcfd000 	C:\WINDOWS\System32\SHELL32.dll
0x00007ff93abf0000 - 0x00007ff93ad5c000 	C:\WINDOWS\System32\wintypes.dll
0x00007ff938510000 - 0x00007ff938d69000 	C:\WINDOWS\SYSTEM32\windows.storage.dll
0x00007ff93cf30000 - 0x00007ff93d020000 	C:\WINDOWS\System32\SHCORE.dll
0x00007ff93cc20000 - 0x00007ff93cc82000 	C:\WINDOWS\System32\shlwapi.dll
0x00007ff93a7d0000 - 0x00007ff93a7f9000 	C:\WINDOWS\SYSTEM32\profapi.dll
0x00007ff932500000 - 0x00007ff932518000 	c:\Users\Dell\.vscode\extensions\redhat.java-1.46.0-win32-x64\jre\21.0.8-win32-x86_64\bin\zip.dll
0x00007ff936340000 - 0x00007ff936350000 	C:\Users\Dell\.vscode\extensions\redhat.java-1.46.0-win32-x64\jre\21.0.8-win32-x86_64\bin\net.dll
0x00007ff931d30000 - 0x00007ff931e4f000 	C:\WINDOWS\SYSTEM32\WINHTTP.dll
0x00007ff939c10000 - 0x00007ff939c7b000 	C:\WINDOWS\system32\mswsock.dll
0x00007ff92cf90000 - 0x00007ff92cfa6000 	C:\Users\Dell\.vscode\extensions\redhat.java-1.46.0-win32-x64\jre\21.0.8-win32-x86_64\bin\nio.dll
0x00007ff935f50000 - 0x00007ff935f60000 	c:\Users\Dell\.vscode\extensions\redhat.java-1.46.0-win32-x64\jre\21.0.8-win32-x86_64\bin\verify.dll

JVMTI agents:
c:\Users\Dell\.vscode\extensions\redhat.java-1.46.0-win32-x64\lombok\lombok-1.18.39-4050.jar path:c:\Users\Dell\.vscode\extensions\redhat.java-1.46.0-win32-x64\jre\21.0.8-win32-x86_64\bin\instrument.dll, loaded, initialized, instrumentlib options:none

dbghelp: loaded successfully - version: 4.0.5 - missing functions: none
symbol engine: initialized successfully - sym options: 0x614 - pdb path: .;c:\Users\Dell\.vscode\extensions\redhat.java-1.46.0-win32-x64\jre\21.0.8-win32-x86_64\bin;C:\WINDOWS\SYSTEM32;C:\WINDOWS\WinSxS\amd64_microsoft.windows.common-controls_6595b64144ccf1df_6.0.26100.5074_none_3e0d6f78e32fd63f;c:\Users\Dell\.vscode\extensions\redhat.java-1.46.0-win32-x64\jre\21.0.8-win32-x86_64\bin\server

VM Arguments:
jvm_args: --add-modules=ALL-SYSTEM --add-opens=java.base/java.util=ALL-UNNAMED --add-opens=java.base/java.lang=ALL-UNNAMED --add-opens=java.base/sun.nio.fs=ALL-UNNAMED -Declipse.application=org.eclipse.jdt.ls.core.id1 -Dosgi.bundles.defaultStartLevel=4 -Declipse.product=org.eclipse.jdt.ls.core.product -Djava.import.generatesMetadataFilesAtProjectRoot=false -DDetectVMInstallationsJob.disabled=true -Dfile.encoding=utf8 -XX:+UseParallelGC -XX:GCTimeRatio=4 -XX:AdaptiveSizePolicyWeight=90 -Dsun.zip.disableMemoryMapping=true -Xmx2G -Xms100m -Xlog:disable -javaagent:c:\Users\Dell\.vscode\extensions\redhat.java-1.46.0-win32-x64\lombok\lombok-1.18.39-4050.jar 
java_command: c:\Users\Dell\.vscode\extensions\redhat.java-1.46.0-win32-x64\server\plugins\org.eclipse.equinox.launcher_1.7.0.v20250519-0528.jar -configuration c:\Users\Dell\AppData\Roaming\Code\User\globalStorage\redhat.java\1.46.0\config_ss_win -data c:\Users\Dell\AppData\Roaming\Code\User\workspaceStorage\98e4522e8c7ece03435476b608bd186f\redhat.java\ss_ws --pipe=\\.\pipe\lsp-e88f7352f171974f77b94b860c6cdc68-sock
java_class_path (initial): c:\Users\Dell\.vscode\extensions\redhat.java-1.46.0-win32-x64\server\plugins\org.eclipse.equinox.launcher_1.7.0.v20250519-0528.jar
Launcher Type: SUN_STANDARD

[Global flags]
    uintx AdaptiveSizePolicyWeight                 = 90                                        {product} {command line}
     intx CICompilerCount                          = 12                                        {product} {ergonomic}
    uintx GCTimeRatio                              = 4                                         {product} {command line}
   size_t InitialHeapSize                          = 104857600                                 {product} {command line}
   size_t MaxHeapSize                              = 2147483648                                {product} {command line}
   size_t MaxNewSize                               = 715653120                                 {product} {ergonomic}
   size_t MinHeapDeltaBytes                        = 524288                                    {product} {ergonomic}
   size_t MinHeapSize                              = 104857600                                 {product} {command line}
   size_t NewSize                                  = 34603008                                  {product} {ergonomic}
    uintx NonNMethodCodeHeapSize                   = 7602480                                {pd product} {ergonomic}
    uintx NonProfiledCodeHeapSize                  = 122027880                              {pd product} {ergonomic}
   size_t OldSize                                  = 70254592                                  {product} {ergonomic}
    uintx ProfiledCodeHeapSize                     = 122027880                              {pd product} {ergonomic}
    uintx ReservedCodeCacheSize                    = 251658240                              {pd product} {ergonomic}
     bool SegmentedCodeCache                       = true                                      {product} {ergonomic}
   size_t SoftMaxHeapSize                          = 2147483648                             {manageable} {ergonomic}
     bool UseCompressedOops                        = true                           {product lp64_product} {ergonomic}
     bool UseLargePagesIndividualAllocation        = false                                  {pd product} {ergonomic}
     bool UseParallelGC                            = true                                      {product} {command line}

Logging:
Log output configuration:
 #0: stdout all=off uptime,level,tags foldmultilines=false
 #1: stderr all=off uptime,level,tags foldmultilines=false

Environment Variables:
JAVA_HOME=C:\Program Files\Java\jdk-22
PATH=C:\Program Files\Python313\Scripts\;C:\Program Files\Python313\;C:\Program Files\Microsoft\jdk-17.0.14.7-hotspot\bin;C:\Program Files\Common Files\Oracle\Java\javapath;C:\Windows\system32;C:\Windows;C:\Windows\System32\Wbem;C:\Windows\System32\WindowsPowerShell\v1.0\;C:\Windows\System32\OpenSSH\;C:\Program Files\dotnet\;C:\Program Files\NVIDIA Corporation\NVIDIA NvDLISR;C:\Program Files\Java\jdk-22\bin;C:\Program Files\Git\cmd;C:\WINDOWS\system32;C:\WINDOWS;C:\WINDOWS\System32\Wbem;C:\WINDOWS\System32\WindowsPowerShell\v1.0\;C:\WINDOWS\System32\OpenSSH\;C:\Users\Dell\Downloads\apache-maven-3.9.9\bin;C:\Program Files\CMake\bin;C:\Program Files\CMake\bin;C:\Program Files\nodejs\;C:\ProgramData\chocolatey\bin;C:\Program Files\nodejs;;C:\Program Files\Docker\Docker\resources\bin;C:\Program Files\MySQL\MySQL Shell 8.0\bin\;C:\Users\Dell\AppData\Local\Microsoft\WindowsApps;C:\Users\Dell\AppData\Local\Programs\Microsoft VS Code\bin;C:\MinGW\bin;C:\Program Files\JetBrains\IntelliJ IDEA 2024.3.1\bin;;C:\Program Files\JetBrains\IntelliJ IDEA Community Edition 2024.3.1\bin;;C:\Users\Dell\AppData\Roaming\npm;C:\Users\Dell\AppData\Roaming\Python\Python313\Scripts;
USERNAME=Dell
OS=Windows_NT
PROCESSOR_IDENTIFIER=Intel64 Family 6 Model 154 Stepping 3, GenuineIntel
TMP=C:\Users\Dell\AppData\Local\Temp
TEMP=C:\Users\Dell\AppData\Local\Temp




Periodic native trim disabled

---------------  S Y S T E M  ---------------

OS:
 Windows 11 , 64 bit Build 26100 (10.0.26100.5074)
OS uptime: 13 days 8:51 hours
Hyper-V role detected

CPU: total 16 (initial active 16) (8 cores per cpu, 2 threads per core) family 6 model 154 stepping 3 microcode 0x437, cx8, cmov, fxsr, ht, mmx, 3dnowpref, sse, sse2, sse3, ssse3, sse4.1, sse4.2, popcnt, lzcnt, tsc, tscinvbit, avx, avx2, aes, erms, clmul, bmi1, bmi2, adx, sha, fma, vzeroupper, clflush, clflushopt, clwb, hv, serialize, rdtscp, rdpid, fsrm, f16c, cet_ibt, cet_ss
Processor Information for processor 0
  Max Mhz: 2500, Current Mhz: 2500, Mhz Limit: 2500
Processor Information for processor 1
  Max Mhz: 2500, Current Mhz: 1532, Mhz Limit: 2500
Processor Information for processor 2
  Max Mhz: 2500, Current Mhz: 2500, Mhz Limit: 2500
Processor Information for processor 3
  Max Mhz: 2500, Current Mhz: 2500, Mhz Limit: 2500
Processor Information for processor 4
  Max Mhz: 2500, Current Mhz: 2500, Mhz Limit: 2500
Processor Information for processor 5
  Max Mhz: 2500, Current Mhz: 2500, Mhz Limit: 2500
Processor Information for processor 6
  Max Mhz: 2500, Current Mhz: 2500, Mhz Limit: 2500
Processor Information for processor 7
  Max Mhz: 2500, Current Mhz: 2500, Mhz Limit: 2500
Processor Information for processor 8
  Max Mhz: 2500, Current Mhz: 1527, Mhz Limit: 2500
Processor Information for processor 9
  Max Mhz: 2500, Current Mhz: 1527, Mhz Limit: 2500
Processor Information for processor 10
  Max Mhz: 2500, Current Mhz: 1527, Mhz Limit: 2500
Processor Information for processor 11
  Max Mhz: 2500, Current Mhz: 2500, Mhz Limit: 2500
Processor Information for processor 12
  Max Mhz: 2500, Current Mhz: 1527, Mhz Limit: 2500
Processor Information for processor 13
  Max Mhz: 2500, Current Mhz: 1527, Mhz Limit: 2500
Processor Information for processor 14
  Max Mhz: 2500, Current Mhz: 1527, Mhz Limit: 2500
Processor Information for processor 15
  Max Mhz: 2500, Current Mhz: 1527, Mhz Limit: 2500

Memory: 4k page, system-wide physical 16068M (2518M free)
TotalPageFile size 47791M (AvailPageFile size 3M)
current process WorkingSet (physical memory assigned to process): 84M, peak: 84M
current process commit charge ("private bytes"): 253M, peak: 254M

vm_info: OpenJDK 64-Bit Server VM (21.0.8+9-LTS) for windows-amd64 JRE (21.0.8+9-LTS), built on 2025-07-15T00:00:00Z by "admin" with MS VC++ 17.7 (VS2022)

END.
